Unity Editor version:    2022.3.15f1 (b58023a2b463)
Branch:                  2022.3/staging
Build type:              Release
Batch mode:              YES
macOS version:           Version 15.0.1 (Build 24A348)
Darwin version:          24.0.0
Architecture:            arm64
Running under Rosetta:   NO
Available memory:        8192 MB
Using pre-set license
Pro License: YES

COMMAND LINE ARGUMENTS:
/Applications/Unity/Hub/Editor/2022.3.15f1/Unity.app/Contents/MacOS/Unity
-adb2
-batchMode
-noUpm
-name
AssetImportWorker15
-projectPath
/Users/Owner/Documents/GitHub/xr-midwest-langshot/GroKit-Lite_URP
-logFile
Logs/AssetImportWorker15.log
-srvPort
63481
Successfully changed project path to: /Users/Owner/Documents/GitHub/xr-midwest-langshot/GroKit-Lite_URP
/Users/Owner/Documents/GitHub/xr-midwest-langshot/GroKit-Lite_URP
[UnityMemory] Configuration Parameters - Can be set up in boot.config
    "memorysetup-bucket-allocator-granularity=16"
    "memorysetup-bucket-allocator-bucket-count=8"
    "memorysetup-bucket-allocator-block-size=33554432"
    "memorysetup-bucket-allocator-block-count=8"
    "memorysetup-main-allocator-block-size=16777216"
    "memorysetup-thread-allocator-block-size=16777216"
    "memorysetup-gfx-main-allocator-block-size=16777216"
    "memorysetup-gfx-thread-allocator-block-size=16777216"
    "memorysetup-cache-allocator-block-size=4194304"
    "memorysetup-typetree-allocator-block-size=2097152"
    "memorysetup-profiler-bucket-allocator-granularity=16"
    "memorysetup-profiler-bucket-allocator-bucket-count=8"
    "memorysetup-profiler-bucket-allocator-block-size=33554432"
    "memorysetup-profiler-bucket-allocator-block-count=8"
    "memorysetup-profiler-allocator-block-size=16777216"
    "memorysetup-profiler-editor-allocator-block-size=1048576"
    "memorysetup-temp-allocator-size-main=16777216"
    "memorysetup-job-temp-allocator-block-size=2097152"
    "memorysetup-job-temp-allocator-block-size-background=1048576"
    "memorysetup-job-temp-allocator-reduction-small-platforms=262144"
    "memorysetup-allocator-temp-initial-block-size-main=262144"
    "memorysetup-allocator-temp-initial-block-size-worker=262144"
    "memorysetup-temp-allocator-size-background-worker=32768"
    "memorysetup-temp-allocator-size-job-worker=262144"
    "memorysetup-temp-allocator-size-preload-manager=33554432"
    "memorysetup-temp-allocator-size-nav-mesh-worker=65536"
    "memorysetup-temp-allocator-size-audio-worker=65536"
    "memorysetup-temp-allocator-size-cloud-worker=32768"
    "memorysetup-temp-allocator-size-gi-baking-worker=262144"
    "memorysetup-temp-allocator-size-gfx=262144"
Player connection [8416932416] Host "[IP] 35.2.95.171 [Port] 0 [Flags] 2 [Guid] 4112419508 [EditorId] 4112419508 [Version] 1048832 [Id] OSXEditor(0,jx-mac.local) [Debug] 1 [PackageName] OSXEditor [ProjectName] Editor" joined multi-casting on [225.0.0.222:54997]...

Player connection [8416932416] Host "[IP] 35.2.95.171 [Port] 0 [Flags] 2 [Guid] 4112419508 [EditorId] 4112419508 [Version] 1048832 [Id] OSXEditor(0,jx-mac.local) [Debug] 1 [PackageName] OSXEditor [ProjectName] Editor" joined alternative multi-casting on [225.0.0.222:34997]...

[Physics::Module] Initialized MultithreadedJobDispatcher with 7 workers.
Refreshing native plugins compatible for Editor in 37.83 ms, found 9 plugins.
Preloading 2 native plugins for Editor in 13.22 ms.
Initialize engine version: 2022.3.15f1 (b58023a2b463)
[Subsystems] Discovering subsystems at path /Applications/Unity/Hub/Editor/2022.3.15f1/Unity.app/Contents/Resources/UnitySubsystems
[Subsystems] Discovering subsystems at path /Users/Owner/Documents/GitHub/xr-midwest-langshot/GroKit-Lite_URP/Assets
GfxDevice: creating device client; threaded=0; jobified=0
 preferred device: Apple M1 (high power)
Metal devices available: 1
0: Apple M1 (high power)
Using device Apple M1 (high power)
Initializing Metal device caps: Apple M1
Shader 'Meta/MRUK/Scene/HighlightsAndShadows': fallback shader 'Off' not found
Shader 'Oculus/OVRMRCameraFrameLit': fallback shader 'Alpha-Diffuse' not found
Initialize mono
Mono path[0] = '/Applications/Unity/Hub/Editor/2022.3.15f1/Unity.app/Contents/Managed'
Mono path[1] = '/Applications/Unity/Hub/Editor/2022.3.15f1/Unity.app/Contents/MonoBleedingEdge/lib/mono/unityjit-macos'
Mono config path = '/Applications/Unity/Hub/Editor/2022.3.15f1/Unity.app/Contents/MonoBleedingEdge/etc'
Using monoOptions --debugger-agent=transport=dt_socket,embedding=1,server=y,suspend=n,address=127.0.0.1:56530
Begin MonoManager ReloadAssembly
Registering precompiled unity dll's ...
Register platform support module: /Applications/Unity/Hub/Editor/2022.3.15f1/Unity.app/Contents/PlaybackEngines/MacStandaloneSupport/UnityEditor.OSXStandalone.Extensions.dll
Register platform support module: /Applications/Unity/Hub/Editor/2022.3.15f1/PlaybackEngines/AndroidPlayer/UnityEditor.Android.Extensions.dll
Registered in 0.001912 seconds.
- Loaded All Assemblies, in  0.509 seconds
Native extension for Android target not found
Android Extension - Scanning For ADB Devices 225 ms
Native extension for OSXStandalone target not found
Mono: successfully reloaded assembly
- Finished resetting the current domain, in  0.567 seconds
Domain Reload Profiling: 1076ms
	BeginReloadAssembly (203ms)
		ExecutionOrderSort (0ms)
		DisableScriptedObjects (0ms)
		BackupInstance (0ms)
		ReleaseScriptingObjects (0ms)
		CreateAndSetChildDomain (1ms)
	RebuildCommonClasses (47ms)
	RebuildNativeTypeToScriptingClass (10ms)
	initialDomainReloadingComplete (59ms)
	LoadAllAssembliesAndSetupDomain (190ms)
		LoadAssemblies (203ms)
		RebuildTransferFunctionScriptingTraits (0ms)
		AnalyzeDomain (187ms)
			TypeCache.Refresh (186ms)
				TypeCache.ScanAssembly (170ms)
			ScanForSourceGeneratedMonoScriptInfo (0ms)
			ResolveRequiredComponents (0ms)
	FinalizeReload (567ms)
		ReleaseScriptCaches (0ms)
		RebuildScriptCaches (0ms)
		SetupLoadedEditorAssemblies (506ms)
			LogAssemblyErrors (0ms)
			InitializePlatformSupportModulesInManaged (374ms)
			SetLoadedEditorAssemblies (3ms)
			RefreshPlugins (0ms)
			BeforeProcessingInitializeOnLoad (2ms)
			ProcessInitializeOnLoadAttributes (90ms)
			ProcessInitializeOnLoadMethodAttributes (36ms)
			AfterProcessingInitializeOnLoad (0ms)
			EditorAssembliesLoaded (0ms)
		ExecutionOrderSort2 (0ms)
		AwakeInstancesAfterBackupRestoration (0ms)
========================================================================
Worker process is ready to serve import requests
Begin MonoManager ReloadAssembly
Symbol file LoadedFromMemory is not a mono symbol file
- Loaded All Assemblies, in  2.056 seconds
Refreshing native plugins compatible for Editor in 56.71 ms, found 9 plugins.
Native extension for Android target not found
Native extension for OSXStandalone target not found
Package Manager log level set to [2]
[Package Manager] Server::EnsureServerProcessIsRunning -- launch failed, reason: Unity was launched with the -noUpm command-line argument
[Package Manager] UpmClient::Send -- Unable to send message (not connected to UPM process).
[Package Manager] Cannot connect to Unity Package Manager local server
[Package Manager] Server::EnsureServerProcessIsRunning -- launch failed, reason: Unity was launched with the -noUpm command-line argument
[Package Manager] UpmClient::Send -- Unable to send message (not connected to UPM process).
[Package Manager] Cannot connect to Unity Package Manager local server
12/10 16:53:34.995 {DEBUG}   [AnalyticsLifeTime] Pre initialization finished.
12/10 16:53:34.995 {DEBUG}   [AnalyticsLifeTime] Post-migration initialization finished.
[Package Manager] Server::EnsureServerProcessIsRunning -- launch failed, reason: Unity was launched with the -noUpm command-line argument
[Package Manager] UpmClient::Send -- Unable to send message (not connected to UPM process).
[Package Manager] Cannot connect to Unity Package Manager local server
Mono: successfully reloaded assembly
[Package Manager] Server::EnsureServerProcessIsRunning -- launch failed, reason: Unity was launched with the -noUpm command-line argument
[Package Manager] UpmClient::Send -- Unable to send message (not connected to UPM process).
[Package Manager] Cannot connect to Unity Package Manager local server
[Package Manager] Server::EnsureServerProcessIsRunning -- launch failed, reason: Unity was launched with the -noUpm command-line argument
[Package Manager] UpmClient::Send -- Unable to send message (not connected to UPM process).
[Package Manager] Cannot connect to Unity Package Manager local server
- Finished resetting the current domain, in  1.159 seconds
Domain Reload Profiling: 3181ms
	BeginReloadAssembly (414ms)
		ExecutionOrderSort (0ms)
		DisableScriptedObjects (5ms)
		BackupInstance (0ms)
		ReleaseScriptingObjects (0ms)
		CreateAndSetChildDomain (149ms)
	RebuildCommonClasses (57ms)
	RebuildNativeTypeToScriptingClass (31ms)
	initialDomainReloadingComplete (60ms)
	LoadAllAssembliesAndSetupDomain (1459ms)
		LoadAssemblies (1193ms)
		RebuildTransferFunctionScriptingTraits (0ms)
		AnalyzeDomain (365ms)
			TypeCache.Refresh (313ms)
				TypeCache.ScanAssembly (267ms)
			ScanForSourceGeneratedMonoScriptInfo (28ms)
			ResolveRequiredComponents (24ms)
	FinalizeReload (1160ms)
		ReleaseScriptCaches (0ms)
		RebuildScriptCaches (0ms)
		SetupLoadedEditorAssemblies (922ms)
			LogAssemblyErrors (0ms)
			InitializePlatformSupportModulesInManaged (30ms)
			SetLoadedEditorAssemblies (6ms)
			RefreshPlugins (0ms)
			BeforeProcessingInitializeOnLoad (112ms)
			ProcessInitializeOnLoadAttributes (695ms)
			ProcessInitializeOnLoadMethodAttributes (78ms)
			AfterProcessingInitializeOnLoad (1ms)
			EditorAssembliesLoaded (0ms)
		ExecutionOrderSort2 (0ms)
		AwakeInstancesAfterBackupRestoration (2ms)
Shader 'Meta/MRUK/Scene/HighlightsAndShadows': fallback shader 'Off' not found
Shader 'Oculus/OVRMRCameraFrameLit': fallback shader 'Alpha-Diffuse' not found
[OVRPlugin][INFO] UnityPluginLoad called
Launching external process: /Applications/Unity/Hub/Editor/2022.3.15f1/Unity.app/Contents/Tools/UnityShaderCompiler
Launched and connected shader compiler UnityShaderCompiler after 0.96 seconds
Refreshing native plugins compatible for Editor in 7.06 ms, found 9 plugins.
Preloading 2 native plugins for Editor in 0.48 ms.
<color=cyan> GroKit-Core Activation </color> - Jessica Xiao you have 181 day(s) remaining on your subscription.
UnityEngine.StackTraceUtility:ExtractStackTrace () (at /Users/bokken/build/output/unity/unity/Runtime/Export/Scripting/StackTrace.cs:37)
UnityEngine.DebugLogHandler:LogFormat (UnityEngine.LogType,UnityEngine.Object,string,object[])
UnityEngine.Logger:Log (UnityEngine.LogType,object)
UnityEngine.Debug:Log (object)
Core3lb.CoreEditor.GroKitCoreWindow/<Authenticate>d__11:MoveNext ()
System.Runtime.CompilerServices.AsyncMethodBuilderCore/MoveNextRunner:InvokeMoveNext (object)
System.Threading.ExecutionContext:RunInternal (System.Threading.ExecutionContext,System.Threading.ContextCallback,object,bool)
System.Threading.ExecutionContext:Run (System.Threading.ExecutionContext,System.Threading.ContextCallback,object,bool)
System.Runtime.CompilerServices.AsyncMethodBuilderCore/MoveNextRunner:Run ()
System.Threading.Tasks.AwaitTaskContinuation:InvokeAction (object)
System.Threading.Tasks.AwaitTaskContinuation:RunCallback (System.Threading.ContextCallback,object,System.Threading.Tasks.Task&)
System.Threading.Tasks.SynchronizationContextAwaitTaskContinuation:Run (System.Threading.Tasks.Task,bool)
System.Threading.Tasks.Task:FinishContinuations ()
System.Threading.Tasks.Task:FinishStageThree ()
System.Threading.Tasks.Task`1<Core3lb.CoreEditor.GroKitAPICall/APIResponse>:TrySetResult (Core3lb.CoreEditor.GroKitAPICall/APIResponse)
System.Runtime.CompilerServices.AsyncTaskMethodBuilder`1<Core3lb.CoreEditor.GroKitAPICall/APIResponse>:SetResult (Core3lb.CoreEditor.GroKitAPICall/APIResponse)
Core3lb.CoreEditor.GroKitAPICall/<_CheckAPIKey>d__4:MoveNext ()
System.Runtime.CompilerServices.AsyncMethodBuilderCore/MoveNextRunner:InvokeMoveNext (object)
System.Threading.ExecutionContext:RunInternal (System.Threading.ExecutionContext,System.Threading.ContextCallback,object,bool)
System.Threading.ExecutionContext:Run (System.Threading.ExecutionContext,System.Threading.ContextCallback,object,bool)
System.Runtime.CompilerServices.AsyncMethodBuilderCore/MoveNextRunner:Run ()
System.Threading.Tasks.AwaitTaskContinuation:InvokeAction (object)
System.Threading.Tasks.AwaitTaskContinuation:RunCallback (System.Threading.ContextCallback,object,System.Threading.Tasks.Task&)
System.Threading.Tasks.SynchronizationContextAwaitTaskContinuation:Run (System.Threading.Tasks.Task,bool)
System.Threading.Tasks.Task:FinishContinuations ()
System.Threading.Tasks.Task:FinishStageThree ()
System.Threading.Tasks.Task`1<bool>:TrySetResult (bool)
System.Threading.Tasks.TaskCompletionSource`1<bool>:TrySetResult (bool)
System.Threading.Tasks.TaskCompletionSource`1<bool>:SetResult (bool)
Core3lb.CoreEditor.GroKitAPICall/<>c__DisplayClass4_0:<_CheckAPIKey>b__0 (UnityEngine.AsyncOperation)
UnityEngine.AsyncOperation:InvokeCompletionEvent () (at /Users/bokken/build/output/unity/unity/Runtime/Export/Scripting/AsyncOperation.cs:21)

(Filename: /Users/bokken/build/output/unity/unity/Runtime/Export/Scripting/AsyncOperation.cs Line: 21)

Unloading 6293 Unused Serialized files (Serialized files now loaded: 0)
Unloading 116 unused Assets / (0.5 MB). Loaded Objects now: 6727.
Memory consumption went from 287.2 MB to 286.6 MB.
Total: 104.187333 ms (FindLiveObjects: 11.604375 ms CreateObjectMapping: 0.403291 ms MarkObjects: 86.517625 ms  DeleteObjects: 5.657750 ms)

AssetImportParameters requested are different than current active one (requested -> active):
  custom:container-demuxer-ogg: 62fdf1f143b41e24485cea50d1cbac27 -> 
  custom:video-decoder-ogg-theora: a1e56fd34408186e4bbccfd4996cb3dc -> 
  custom:CustomObjectIndexerAttribute: 4d1d7186bcbbfe361de5f0ad951e585c -> 
  custom:container-demuxer-webm: 4f35f7cbe854078d1ac9338744f61a02 -> 
  custom:container-muxer-webm: aa71ff27fc2769a1b78a27578f13a17b -> 
  custom:video-decoder-webm-vp8: 9c59270c3fd7afecdb556c50c9e8de78 -> 
  custom:SearchIndexIgnoredProperties: e643bd26f0fe6173181afceb89e7c659 -> 
  custom:AudioImporter_EditorPlatform: 3918e3fc78b5a79bad01e8451be0beb8 -> 
  custom:framework-osx-AVFoundation: e770b220cccbd017edd2c1fefb359320 -> 
  custom:video-encoder-webm-vp8: eb34c28f22e8b96e1ab97ce403110664 -> 
  custom:audio-decoder-ogg-vorbis: bf7c407c2cedff20999df2af8eb42d56 -> 
  custom:audio-encoder-webm-vorbis: bf7c407c2cedff20999df2af8eb42d56 -> 
========================================================================
Received Import Request.
  Time since last request: 19507.249119 seconds.
  path: Packages/com.meta.xr.sdk.interaction.ovr/Runtime/Prefabs/Controller/OVRRightControllerSynthetic.prefab
  artifactKey: Guid(845fbddb520bad442a15696c4518461e) Importer(815301076,1909f56bfc062723c751e8b465ee728b)
Start importing Packages/com.meta.xr.sdk.interaction.ovr/Runtime/Prefabs/Controller/OVRRightControllerSynthetic.prefab using Guid(845fbddb520bad442a15696c4518461e) Importer(815301076,1909f56bfc062723c751e8b465ee728b)  -> (artifact id: '558e10c47072f083ac25827ac086e137') in 1.252176 seconds
Number of updated asset objects reloaded before import = 0
Number of asset objects unloaded after import = 677
========================================================================
Received Import Request.
  Time since last request: 0.000284 seconds.
  path: Packages/com.meta.xr.sdk.interaction/Runtime/UnityXR/Prefabs/UnityXRCameraRigInteraction.prefab
  artifactKey: Guid(ce61dc20b15eeff4e9712e79d49d16ad) Importer(815301076,1909f56bfc062723c751e8b465ee728b)
Start importing Packages/com.meta.xr.sdk.interaction/Runtime/UnityXR/Prefabs/UnityXRCameraRigInteraction.prefab using Guid(ce61dc20b15eeff4e9712e79d49d16ad) Importer(815301076,1909f56bfc062723c751e8b465ee728b)  -> (artifact id: '6e1f560dba100008b013e914dc37bd67') in 0.731303 seconds
Number of updated asset objects reloaded before import = 0
Number of asset objects unloaded after import = 14802
========================================================================
Received Import Request.
  Time since last request: 0.293505 seconds.
  path: Packages/com.unity.render-pipelines.core/Editor/LookDev/Icons/RightArrow@2x.png
  artifactKey: Guid(e194270977977b24da0c6e1c962a5ce9) Importer(815301076,1909f56bfc062723c751e8b465ee728b)
Start importing Packages/com.unity.render-pipelines.core/Editor/LookDev/Icons/RightArrow@2x.png using Guid(e194270977977b24da0c6e1c962a5ce9) Importer(815301076,1909f56bfc062723c751e8b465ee728b)  -> (artifact id: '3478418fafdb16c3d0878d837d223e04') in 0.055339 seconds
Number of updated asset objects reloaded before import = 0
Number of asset objects unloaded after import = 3
========================================================================
Received Import Request.
  Time since last request: 0.359771 seconds.
  path: Packages/com.unity.render-pipelines.universal/Editor/2D/Resources/LightCapTopRight.png
  artifactKey: Guid(b42c95bdd7efefc43900dbbedc4a39f8) Importer(815301076,1909f56bfc062723c751e8b465ee728b)
Start importing Packages/com.unity.render-pipelines.universal/Editor/2D/Resources/LightCapTopRight.png using Guid(b42c95bdd7efefc43900dbbedc4a39f8) Importer(815301076,1909f56bfc062723c751e8b465ee728b)  -> (artifact id: '58a2cdfe87ff89ec54f3bdfde09fdd30') in 0.004437 seconds
Number of updated asset objects reloaded before import = 0
Number of asset objects unloaded after import = 2
========================================================================
Received Import Request.
  Time since last request: 9.306656 seconds.
  path: Assets/GroKit/Core/zInternal/Core Assets/Materials/Glass.mat
  artifactKey: Guid(df42205b3cff54d4d9f3691b3c629f04) Importer(815301076,1909f56bfc062723c751e8b465ee728b)
Start importing Assets/GroKit/Core/zInternal/Core Assets/Materials/Glass.mat using Guid(df42205b3cff54d4d9f3691b3c629f04) Importer(815301076,1909f56bfc062723c751e8b465ee728b)  -> (artifact id: '0a6f5f9ce8011d0482c1bd1e76872f03') in 1.020978 seconds
Number of updated asset objects reloaded before import = 0
Number of asset objects unloaded after import = 2
========================================================================
Received Import Request.
  Time since last request: 0.851030 seconds.
  path: Assets/GroKit/Core/zInternal/Core Assets/Particles/Effect - Grey.prefab
  artifactKey: Guid(463bfb671991c4543914f0c80c226098) Importer(815301076,1909f56bfc062723c751e8b465ee728b)
Start importing Assets/GroKit/Core/zInternal/Core Assets/Particles/Effect - Grey.prefab using Guid(463bfb671991c4543914f0c80c226098) Importer(815301076,1909f56bfc062723c751e8b465ee728b)  -> (artifact id: '3b6def73b8d5176f44534427ef5600c3') in 0.095509 seconds
Number of updated asset objects reloaded before import = 0
Number of asset objects unloaded after import = 12
========================================================================
Received Import Request.
  Time since last request: 2.028438 seconds.
  path: Assets/GroKit/Core/zInternal/Core Assets/Materials/TriplanarBlue.mat
  artifactKey: Guid(ac7cbef4293ab74478e08abd0b6f62b9) Importer(815301076,1909f56bfc062723c751e8b465ee728b)
Start importing Assets/GroKit/Core/zInternal/Core Assets/Materials/TriplanarBlue.mat using Guid(ac7cbef4293ab74478e08abd0b6f62b9) Importer(815301076,1909f56bfc062723c751e8b465ee728b)  -> (artifact id: '7a820930cfa6aa553d3efc906b12a28a') in 0.119112 seconds
Number of updated asset objects reloaded before import = 0
Number of asset objects unloaded after import = 3
========================================================================
Received Prepare
Begin MonoManager ReloadAssembly
Thread 0x349d87000 may have been prematurely finalized
Symbol file LoadedFromMemory is not a mono symbol file
- Loaded All Assemblies, in  2.426 seconds
Refreshing native plugins compatible for Editor in 9.88 ms, found 9 plugins.
Native extension for Android target not found
Native extension for OSXStandalone target not found
[Package Manager] Server::EnsureServerProcessIsRunning -- launch failed, reason: Unity was launched with the -noUpm command-line argument
[Package Manager] UpmClient::Send -- Unable to send message (not connected to UPM process).
[Package Manager] Cannot connect to Unity Package Manager local server
[Package Manager] Server::EnsureServerProcessIsRunning -- launch failed, reason: Unity was launched with the -noUpm command-line argument
[Package Manager] UpmClient::Send -- Unable to send message (not connected to UPM process).
[Package Manager] Cannot connect to Unity Package Manager local server
[Package Manager] Server::EnsureServerProcessIsRunning -- launch failed, reason: Unity was launched with the -noUpm command-line argument
[Package Manager] UpmClient::Send -- Unable to send message (not connected to UPM process).
[Package Manager] Cannot connect to Unity Package Manager local server
Mono: successfully reloaded assembly
[Package Manager] Server::EnsureServerProcessIsRunning -- launch failed, reason: Unity was launched with the -noUpm command-line argument
[Package Manager] UpmClient::Send -- Unable to send message (not connected to UPM process).
[Package Manager] Cannot connect to Unity Package Manager local server
- Finished resetting the current domain, in  1.864 seconds
Domain Reload Profiling: 4292ms
	BeginReloadAssembly (475ms)
		ExecutionOrderSort (0ms)
		DisableScriptedObjects (43ms)
		BackupInstance (0ms)
		ReleaseScriptingObjects (0ms)
		CreateAndSetChildDomain (147ms)
	RebuildCommonClasses (24ms)
	RebuildNativeTypeToScriptingClass (17ms)
	initialDomainReloadingComplete (26ms)
	LoadAllAssembliesAndSetupDomain (1885ms)
		LoadAssemblies (2004ms)
		RebuildTransferFunctionScriptingTraits (0ms)
		AnalyzeDomain (91ms)
			TypeCache.Refresh (53ms)
				TypeCache.ScanAssembly (0ms)
			ScanForSourceGeneratedMonoScriptInfo (0ms)
			ResolveRequiredComponents (36ms)
	FinalizeReload (1864ms)
		ReleaseScriptCaches (0ms)
		RebuildScriptCaches (0ms)
		SetupLoadedEditorAssemblies (702ms)
			LogAssemblyErrors (0ms)
			InitializePlatformSupportModulesInManaged (20ms)
			SetLoadedEditorAssemblies (16ms)
			RefreshPlugins (0ms)
			BeforeProcessingInitializeOnLoad (91ms)
			ProcessInitializeOnLoadAttributes (511ms)
			ProcessInitializeOnLoadMethodAttributes (58ms)
			AfterProcessingInitializeOnLoad (1ms)
			EditorAssembliesLoaded (5ms)
		ExecutionOrderSort2 (0ms)
		AwakeInstancesAfterBackupRestoration (13ms)
Shader 'Meta/MRUK/Scene/HighlightsAndShadows': fallback shader 'Off' not found
Shader 'Oculus/OVRMRCameraFrameLit': fallback shader 'Alpha-Diffuse' not found
Refreshing native plugins compatible for Editor in 4.21 ms, found 9 plugins.
Preloading 2 native plugins for Editor in 0.90 ms.
Unloading 6029 Unused Serialized files (Serialized files now loaded: 0)
Unloading 83 unused Assets / (0.5 MB). Loaded Objects now: 6823.
Memory consumption went from 249.7 MB to 249.2 MB.
Total: 10.485791 ms (FindLiveObjects: 1.315500 ms CreateObjectMapping: 0.108209 ms MarkObjects: 8.680958 ms  DeleteObjects: 0.380666 ms)

Prepare: number of updated asset objects reloaded= 0
AssetImportParameters requested are different than current active one (requested -> active):
  custom:container-demuxer-ogg: 62fdf1f143b41e24485cea50d1cbac27 -> 
  custom:video-decoder-ogg-theora: a1e56fd34408186e4bbccfd4996cb3dc -> 
  custom:CustomObjectIndexerAttribute: 4d1d7186bcbbfe361de5f0ad951e585c -> 
  custom:container-demuxer-webm: 4f35f7cbe854078d1ac9338744f61a02 -> 
  custom:container-muxer-webm: aa71ff27fc2769a1b78a27578f13a17b -> 
  custom:video-decoder-webm-vp8: 9c59270c3fd7afecdb556c50c9e8de78 -> 
  custom:SearchIndexIgnoredProperties: e643bd26f0fe6173181afceb89e7c659 -> 
  custom:AudioImporter_EditorPlatform: 3918e3fc78b5a79bad01e8451be0beb8 -> 
  custom:framework-osx-AVFoundation: e770b220cccbd017edd2c1fefb359320 -> 
  custom:video-encoder-webm-vp8: eb34c28f22e8b96e1ab97ce403110664 -> 
  custom:audio-decoder-ogg-vorbis: bf7c407c2cedff20999df2af8eb42d56 -> 
  custom:audio-encoder-webm-vorbis: bf7c407c2cedff20999df2af8eb42d56 -> 
========================================================================
Received Import Request.
  Time since last request: 597.460639 seconds.
  path: Assets/GroKit/Core/zInternal/Core Assets/Primitives/PentagonalPrism.fbx
  artifactKey: Guid(b788f0f6ba14e76418eb748bb0bdf60d) Importer(815301076,1909f56bfc062723c751e8b465ee728b)
Start importing Assets/GroKit/Core/zInternal/Core Assets/Primitives/PentagonalPrism.fbx using Guid(b788f0f6ba14e76418eb748bb0bdf60d) Importer(815301076,1909f56bfc062723c751e8b465ee728b)  -> (artifact id: '49ce13c51a48cf5775f22aa956c15437') in 0.750176 seconds
Number of updated asset objects reloaded before import = 0
Number of asset objects unloaded after import = 28
========================================================================
Received Import Request.
  Time since last request: 5.802624 seconds.
  path: Assets/GroKit/Core/zInternal/Resources/GroBlockIcon.png
  artifactKey: Guid(2dd79c4fdb234bb49a946f32f8d111bc) Importer(815301076,1909f56bfc062723c751e8b465ee728b)
Start importing Assets/GroKit/Core/zInternal/Resources/GroBlockIcon.png using Guid(2dd79c4fdb234bb49a946f32f8d111bc) Importer(815301076,1909f56bfc062723c751e8b465ee728b)  -> (artifact id: '0d0854faafe302c1b07e580807064e21') in 0.029248 seconds
Number of updated asset objects reloaded before import = 0
Number of asset objects unloaded after import = 2
========================================================================
Received Import Request.
  Time since last request: 0.000105 seconds.
  path: Assets/GroKit/Core/zInternal/Resources/GroKitEditorCircle.png
  artifactKey: Guid(4d3c5a7e26839944c84975df0497f839) Importer(815301076,1909f56bfc062723c751e8b465ee728b)
Start importing Assets/GroKit/Core/zInternal/Resources/GroKitEditorCircle.png using Guid(4d3c5a7e26839944c84975df0497f839) Importer(815301076,1909f56bfc062723c751e8b465ee728b)  -> (artifact id: '86f76f7791933317d9123527aa26c6b3') in 0.012451 seconds
Number of updated asset objects reloaded before import = 0
Number of asset objects unloaded after import = 2
========================================================================
Received Import Request.
  Time since last request: 4.391477 seconds.
  path: Assets/GroKit/Modules/XRMovement/GroKit-XRMovement.prefab
  artifactKey: Guid(a09fab44a77e8054285d3fdf437fbc7f) Importer(815301076,1909f56bfc062723c751e8b465ee728b)
Start importing Assets/GroKit/Modules/XRMovement/GroKit-XRMovement.prefab using Guid(a09fab44a77e8054285d3fdf437fbc7f) Importer(815301076,1909f56bfc062723c751e8b465ee728b)  -> (artifact id: 'a9bf39eb8387f60088f16987a87c4e45') in 0.043015 seconds
Number of updated asset objects reloaded before import = 0
Number of asset objects unloaded after import = 42
========================================================================
Received Import Request.
  Time since last request: 1.806991 seconds.
  path: Assets/GroKit/Modules/XRMovement/XRDragWorld.cs
  artifactKey: Guid(28d0085bfe5a132439e06efd7f2441a0) Importer(815301076,1909f56bfc062723c751e8b465ee728b)
Start importing Assets/GroKit/Modules/XRMovement/XRDragWorld.cs using Guid(28d0085bfe5a132439e06efd7f2441a0) Importer(815301076,1909f56bfc062723c751e8b465ee728b)  -> (artifact id: '395df908245bc9b0111e9b2e1c9cd9c2') in 0.000961 seconds
Number of updated asset objects reloaded before import = 0
Number of asset objects unloaded after import = 0
========================================================================
Received Import Request.
  Time since last request: 1.059175 seconds.
  path: Assets/GroKit/Modules/XRMovement/XRMovement.cs
  artifactKey: Guid(8824d5ed7f358b947a34fe01d56d4bdd) Importer(815301076,1909f56bfc062723c751e8b465ee728b)
Start importing Assets/GroKit/Modules/XRMovement/XRMovement.cs using Guid(8824d5ed7f358b947a34fe01d56d4bdd) Importer(815301076,1909f56bfc062723c751e8b465ee728b)  -> (artifact id: 'ce8708cd89699cae37c92e55451a5e59') in 0.003858 seconds
Number of updated asset objects reloaded before import = 0
Number of asset objects unloaded after import = 0
========================================================================
Received Import Request.
  Time since last request: 28.966166 seconds.
  path: Packages/com.meta.xr.sdk.interaction.ovr/Editor/Blocks/HandTracking/Prefabs/[BB] Controllers.prefab
  artifactKey: Guid(52e5916b0502f9143879ded1ad1aabd6) Importer(815301076,1909f56bfc062723c751e8b465ee728b)
Start importing Packages/com.meta.xr.sdk.interaction.ovr/Editor/Blocks/HandTracking/Prefabs/[BB] Controllers.prefab using Guid(52e5916b0502f9143879ded1ad1aabd6) Importer(815301076,1909f56bfc062723c751e8b465ee728b)  -> (artifact id: '27b722b1ade06850ccbd7e2934ecc805') in 0.074464 seconds
Number of updated asset objects reloaded before import = 0
Number of asset objects unloaded after import = 34
========================================================================
Received Import Request.
  Time since last request: 0.000137 seconds.
  path: Packages/com.unity.shadergraph/Editor/Resources/Styles/Controls/ChannelEnumControlView.uss
  artifactKey: Guid(8dfac6eef2d89e8428c7a79b147413db) Importer(815301076,1909f56bfc062723c751e8b465ee728b)
Start importing Packages/com.unity.shadergraph/Editor/Resources/Styles/Controls/ChannelEnumControlView.uss using Guid(8dfac6eef2d89e8428c7a79b147413db) Importer(815301076,1909f56bfc062723c751e8b465ee728b)  -> (artifact id: '85f79fa54a9068bd62709bc6ed516dce') in 0.004891 seconds
Number of updated asset objects reloaded before import = 0
Number of asset objects unloaded after import = 1
========================================================================
Received Import Request.
  Time since last request: 0.000579 seconds.
  path: Packages/com.meta.xr.sdk.core/Editor/BuildingBlocks/BlockData/SampleSpatialAnchorController/Textures/bb_thumb_samplespatialanchorcontroller.jpg
  artifactKey: Guid(5a9d3959d5cc6c346bf7998612a568a6) Importer(815301076,1909f56bfc062723c751e8b465ee728b)
Start importing Packages/com.meta.xr.sdk.core/Editor/BuildingBlocks/BlockData/SampleSpatialAnchorController/Textures/bb_thumb_samplespatialanchorcontroller.jpg using Guid(5a9d3959d5cc6c346bf7998612a568a6) Importer(815301076,1909f56bfc062723c751e8b465ee728b)  -> (artifact id: 'a6267578dac12d5fb91789973672ee85') in 0.042745 seconds
Number of updated asset objects reloaded before import = 0
Number of asset objects unloaded after import = 2
========================================================================
Received Import Request.
  Time since last request: 1.125046 seconds.
  path: Packages/com.meta.xr.sdk.core/Textures/MetaQuestTouchPro/controller_l_lo_BaseColor.png
  artifactKey: Guid(d9ad590bd590c2d47b7034bbfc26813b) Importer(815301076,1909f56bfc062723c751e8b465ee728b)
Start importing Packages/com.meta.xr.sdk.core/Textures/MetaQuestTouchPro/controller_l_lo_BaseColor.png using Guid(d9ad590bd590c2d47b7034bbfc26813b) Importer(815301076,1909f56bfc062723c751e8b465ee728b)  -> (artifact id: 'fda8f9b66f69d52187668d4e646a04e3') in 0.057188 seconds
Number of updated asset objects reloaded before import = 0
Number of asset objects unloaded after import = 2
========================================================================
Received Import Request.
  Time since last request: 0.001397 seconds.
  path: Packages/com.meta.xr.sdk.core/Editor/BuildingBlocks/BlockData/ControllerButtonsMapper/Prefabs/ControllerButtonsMapper.prefab
  artifactKey: Guid(7f2c10fd4e18aee42b3be07fb299acc3) Importer(815301076,1909f56bfc062723c751e8b465ee728b)
Start importing Packages/com.meta.xr.sdk.core/Editor/BuildingBlocks/BlockData/ControllerButtonsMapper/Prefabs/ControllerButtonsMapper.prefab using Guid(7f2c10fd4e18aee42b3be07fb299acc3) Importer(815301076,1909f56bfc062723c751e8b465ee728b)  -> (artifact id: '5413b01fa4d75a9d79ddc806b8684427') in 0.006655 seconds
Number of updated asset objects reloaded before import = 0
Number of asset objects unloaded after import = 5
========================================================================
Received Import Request.
  Time since last request: 0.000971 seconds.
  path: Packages/com.meta.xr.sdk.core/Textures/MetaQuestTouchPro/controller_r_lo_Normal.png
  artifactKey: Guid(fe6dffbda2f52bb4998faa03fee04336) Importer(815301076,1909f56bfc062723c751e8b465ee728b)
Start importing Packages/com.meta.xr.sdk.core/Textures/MetaQuestTouchPro/controller_r_lo_Normal.png using Guid(fe6dffbda2f52bb4998faa03fee04336) Importer(815301076,1909f56bfc062723c751e8b465ee728b)  -> (artifact id: 'f75e6afa133fa7239eec544c4269b501') in 0.420426 seconds
Number of updated asset objects reloaded before import = 0
Number of asset objects unloaded after import = 2
========================================================================
Received Import Request.
  Time since last request: 2.895980 seconds.
  path: Packages/com.meta.xr.sdk.interaction/Runtime/Prefabs/Poke/ControllerPokeInteractor.prefab
  artifactKey: Guid(caf1104dfe6d01c4e9dabd59f18e535a) Importer(815301076,1909f56bfc062723c751e8b465ee728b)
Start importing Packages/com.meta.xr.sdk.interaction/Runtime/Prefabs/Poke/ControllerPokeInteractor.prefab using Guid(caf1104dfe6d01c4e9dabd59f18e535a) Importer(815301076,1909f56bfc062723c751e8b465ee728b)  -> (artifact id: '0f90fcd039e053b70c2296198bb6f86b') in 0.435110 seconds
Number of updated asset objects reloaded before import = 0
Number of asset objects unloaded after import = 16
========================================================================
Received Import Request.
  Time since last request: 0.000080 seconds.
  path: Packages/com.meta.xr.sdk.interaction/Runtime/Prefabs/Locomotion/ControllerTurnerInteractor.prefab
  artifactKey: Guid(122968827794c2b499a4451e4a8fa2ca) Importer(815301076,1909f56bfc062723c751e8b465ee728b)
Start importing Packages/com.meta.xr.sdk.interaction/Runtime/Prefabs/Locomotion/ControllerTurnerInteractor.prefab using Guid(122968827794c2b499a4451e4a8fa2ca) Importer(815301076,1909f56bfc062723c751e8b465ee728b)  -> (artifact id: '14b1076c695fe01b7e9c4506e43ac47c') in 0.003636 seconds
Number of updated asset objects reloaded before import = 0
Number of asset objects unloaded after import = 7
========================================================================
Received Import Request.
  Time since last request: 0.000391 seconds.
  path: Packages/com.meta.xr.sdk.interaction/Runtime/Prefabs/VelocityCalculators/ControllerVelocityCalculator.prefab
  artifactKey: Guid(b6e5411f1b2c1fd4ab99a43d2142ea16) Importer(815301076,1909f56bfc062723c751e8b465ee728b)
Start importing Packages/com.meta.xr.sdk.interaction/Runtime/Prefabs/VelocityCalculators/ControllerVelocityCalculator.prefab using Guid(b6e5411f1b2c1fd4ab99a43d2142ea16) Importer(815301076,1909f56bfc062723c751e8b465ee728b)  -> (artifact id: '9a9e9b7a5ef2f3e17d88ba53e53bda3d') in 0.018455 seconds
Number of updated asset objects reloaded before import = 0
Number of asset objects unloaded after import = 6
========================================================================
Received Import Request.
  Time since last request: 0.000574 seconds.
  path: Packages/com.meta.xr.sdk.interaction/Runtime/UnityXR/Prefabs/ControllerVisuals.prefab
  artifactKey: Guid(017378ba749f20646b5f56ecbd0f82c5) Importer(815301076,1909f56bfc062723c751e8b465ee728b)
Start importing Packages/com.meta.xr.sdk.interaction/Runtime/UnityXR/Prefabs/ControllerVisuals.prefab using Guid(017378ba749f20646b5f56ecbd0f82c5) Importer(815301076,1909f56bfc062723c751e8b465ee728b)  -> (artifact id: '31b9294194017a3b7942a59cf103bd30') in 0.054013 seconds
Number of updated asset objects reloaded before import = 0
Number of asset objects unloaded after import = 14
========================================================================
Received Import Request.
  Time since last request: 7.201630 seconds.
  path: Packages/com.meta.xr.sdk.interaction.ovr/Editor/Blocks/SyntheticHands/Prefabs/[BB] Left Hand Synthetic.prefab
  artifactKey: Guid(81b0c6f02d961984eb074b9834c049ae) Importer(815301076,1909f56bfc062723c751e8b465ee728b)
Start importing Packages/com.meta.xr.sdk.interaction.ovr/Editor/Blocks/SyntheticHands/Prefabs/[BB] Left Hand Synthetic.prefab using Guid(81b0c6f02d961984eb074b9834c049ae) Importer(815301076,1909f56bfc062723c751e8b465ee728b)  -> (artifact id: '255b06ce87c0051bee612e72eb4d2f11') in 0.197314 seconds
Number of updated asset objects reloaded before import = 0
Number of asset objects unloaded after import = 178
========================================================================
Received Import Request.
  Time since last request: 0.001404 seconds.
  path: Assets/GroKit/Core/XR/Prefabs/LeftXRHand.prefab
  artifactKey: Guid(ce823f23f465acf4cb627db9fd551e58) Importer(815301076,1909f56bfc062723c751e8b465ee728b)
Start importing Assets/GroKit/Core/XR/Prefabs/LeftXRHand.prefab using Guid(ce823f23f465acf4cb627db9fd551e58) Importer(815301076,1909f56bfc062723c751e8b465ee728b)  -> (artifact id: 'e070aac0e9cd43729dcb37cd9b280a9d') in 0.051468 seconds
Number of updated asset objects reloaded before import = 0
Number of asset objects unloaded after import = 12
========================================================================
Received Import Request.
  Time since last request: 0.000710 seconds.
  path: Packages/com.meta.xr.sdk.interaction/Runtime/UnityXR/Prefabs/Hands/UnityXRFromLeftHandPrefab.prefab
  artifactKey: Guid(ca355b9acfdf2db4d86aa52e3eab38de) Importer(815301076,1909f56bfc062723c751e8b465ee728b)
Start importing Packages/com.meta.xr.sdk.interaction/Runtime/UnityXR/Prefabs/Hands/UnityXRFromLeftHandPrefab.prefab using Guid(ca355b9acfdf2db4d86aa52e3eab38de) Importer(815301076,1909f56bfc062723c751e8b465ee728b)  -> (artifact id: '67252d5d9226bfb7177888bb740a6ba6') in 0.039235 seconds
Number of updated asset objects reloaded before import = 0
Number of asset objects unloaded after import = 176
========================================================================
Received Import Request.
  Time since last request: 0.000082 seconds.
  path: Packages/com.meta.xr.sdk.interaction/Runtime/Prefabs/DistanceHandGrab/Reticles/OVRLeftHandReticle.prefab
  artifactKey: Guid(50be278e32a579c47934a40be20880df) Importer(815301076,1909f56bfc062723c751e8b465ee728b)
Start importing Packages/com.meta.xr.sdk.interaction/Runtime/Prefabs/DistanceHandGrab/Reticles/OVRLeftHandReticle.prefab using Guid(50be278e32a579c47934a40be20880df) Importer(815301076,1909f56bfc062723c751e8b465ee728b)  -> (artifact id: '889465c4096d81bd8a41f84408ea7fd7') in 0.050994 seconds
Number of updated asset objects reloaded before import = 0
Number of asset objects unloaded after import = 697
========================================================================
Received Import Request.
  Time since last request: 67.277080 seconds.
  path: Packages/com.meta.xr.sdk.interaction/Runtime/Sample/Objects/Environment/Tooltips/DialogVideos/Instruction_ConcurrentHandsControllers.mp4
  artifactKey: Guid(67d273d069827f444877b4406a1fdf02) Importer(815301076,1909f56bfc062723c751e8b465ee728b)
Start importing Packages/com.meta.xr.sdk.interaction/Runtime/Sample/Objects/Environment/Tooltips/DialogVideos/Instruction_ConcurrentHandsControllers.mp4 using Guid(67d273d069827f444877b4406a1fdf02) Importer(815301076,1909f56bfc062723c751e8b465ee728b)  -> (artifact id: 'b204b4666605569c055ca277b367440f') in 0.007541 seconds
Number of updated asset objects reloaded before import = 0
Number of asset objects unloaded after import = 1
========================================================================
Received Import Request.
  Time since last request: 1.587033 seconds.
  path: Packages/com.meta.xr.sdk.interaction.ovr/Editor/Blocks/HandTracking/Interaction Controller Tracking.asset
  artifactKey: Guid(fefeda691f356164f953b23e59aea74a) Importer(815301076,1909f56bfc062723c751e8b465ee728b)
Start importing Packages/com.meta.xr.sdk.interaction.ovr/Editor/Blocks/HandTracking/Interaction Controller Tracking.asset using Guid(fefeda691f356164f953b23e59aea74a) Importer(815301076,1909f56bfc062723c751e8b465ee728b)  -> (artifact id: 'ed3e7cd879a34f3b4b40dfeb83086d14') in 0.033720 seconds
Number of updated asset objects reloaded before import = 0
Number of asset objects unloaded after import = 34
========================================================================
Received Import Request.
  Time since last request: 1.597442 seconds.
  path: Packages/com.meta.xr.sdk.interaction/Runtime/Prefabs/Locomotion/LocomotionControllerInteractorGroup.prefab
  artifactKey: Guid(4841ffc0c0203424aa20389fa184badd) Importer(815301076,1909f56bfc062723c751e8b465ee728b)
Start importing Packages/com.meta.xr.sdk.interaction/Runtime/Prefabs/Locomotion/LocomotionControllerInteractorGroup.prefab using Guid(4841ffc0c0203424aa20389fa184badd) Importer(815301076,1909f56bfc062723c751e8b465ee728b)  -> (artifact id: '4b32be19cfa5f527c494bae4f140768c') in 0.139667 seconds
Number of updated asset objects reloaded before import = 0
Number of asset objects unloaded after import = 157
========================================================================
Received Import Request.
  Time since last request: 0.000034 seconds.
  path: Packages/com.meta.xr.sdk.core/Prefabs/OVRControllerPrefab.prefab
  artifactKey: Guid(d9809c5e8418bb047bf2c8ba1d1a2cec) Importer(815301076,1909f56bfc062723c751e8b465ee728b)
Start importing Packages/com.meta.xr.sdk.core/Prefabs/OVRControllerPrefab.prefab using Guid(d9809c5e8418bb047bf2c8ba1d1a2cec) Importer(815301076,1909f56bfc062723c751e8b465ee728b)  -> (artifact id: '98dc0847cec5704dbd8c05e5355bc438') in 0.236506 seconds
Number of updated asset objects reloaded before import = 0
Number of asset objects unloaded after import = 1011
========================================================================
Received Import Request.
  Time since last request: 6.671023 seconds.
  path: Packages/com.meta.xr.sdk.voice/Features/Composer/Composer/Documentation/ComposerSamples/DoubleCharacterSample.jpg
  artifactKey: Guid(61c1802c053840543901bdca168e6546) Importer(815301076,1909f56bfc062723c751e8b465ee728b)
Start importing Packages/com.meta.xr.sdk.voice/Features/Composer/Composer/Documentation/ComposerSamples/DoubleCharacterSample.jpg using Guid(61c1802c053840543901bdca168e6546) Importer(815301076,1909f56bfc062723c751e8b465ee728b)  -> (artifact id: 'ff6e62662ba5660b50538f31c87e231a') in 0.256869 seconds
Number of updated asset objects reloaded before import = 0
Number of asset objects unloaded after import = 3
========================================================================
Received Import Request.
  Time since last request: 3.692985 seconds.
  path: Packages/com.unity.ugui/Tests/Editor/InputField/CharacterLimitValidation.cs
  artifactKey: Guid(4b8be68229770db4ea3c78ab0d854325) Importer(815301076,1909f56bfc062723c751e8b465ee728b)
Start importing Packages/com.unity.ugui/Tests/Editor/InputField/CharacterLimitValidation.cs using Guid(4b8be68229770db4ea3c78ab0d854325) Importer(815301076,1909f56bfc062723c751e8b465ee728b)  -> (artifact id: '06fbcbc08988d58f3e6a51d7710ccdb8') in 0.007903 seconds
Number of updated asset objects reloaded before import = 0
Number of asset objects unloaded after import = 0
========================================================================
Received Import Request.
  Time since last request: 3.269360 seconds.
  path: Packages/com.unity.textmeshpro/Scripts/Runtime/TMP_Character.cs
  artifactKey: Guid(4ac5b6a65aaeb59478e3b78660e9f134) Importer(815301076,1909f56bfc062723c751e8b465ee728b)
Start importing Packages/com.unity.textmeshpro/Scripts/Runtime/TMP_Character.cs using Guid(4ac5b6a65aaeb59478e3b78660e9f134) Importer(815301076,1909f56bfc062723c751e8b465ee728b)  -> (artifact id: '25a98e5574cd855d7ef210b2c8f69803') in 0.005021 seconds
Number of updated asset objects reloaded before import = 0
Number of asset objects unloaded after import = 0
========================================================================
Received Import Request.
  Time since last request: 0.664470 seconds.
  path: Packages/com.unity.textmeshpro/Scripts/Runtime/TMP_CharacterInfo.cs
  artifactKey: Guid(90fe1c65e6bb3bc4e90862df7297719e) Importer(815301076,1909f56bfc062723c751e8b465ee728b)
Start importing Packages/com.unity.textmeshpro/Scripts/Runtime/TMP_CharacterInfo.cs using Guid(90fe1c65e6bb3bc4e90862df7297719e) Importer(815301076,1909f56bfc062723c751e8b465ee728b)  -> (artifact id: '3c5584f8df4580ee3eb2e985ef51d3af') in 0.002583 seconds
Number of updated asset objects reloaded before import = 0
Number of asset objects unloaded after import = 0
========================================================================
Received Import Request.
  Time since last request: 2.190063 seconds.
  path: Packages/com.unity.textmeshpro/Scripts/Editor/TMP_SpriteCharacterPropertyDrawer.cs
  artifactKey: Guid(37cff9f5a86ae494c8cb04423580480d) Importer(815301076,1909f56bfc062723c751e8b465ee728b)
Start importing Packages/com.unity.textmeshpro/Scripts/Editor/TMP_SpriteCharacterPropertyDrawer.cs using Guid(37cff9f5a86ae494c8cb04423580480d) Importer(815301076,1909f56bfc062723c751e8b465ee728b)  -> (artifact id: 'ca8fd95997f0d8dd2ddd1c8201280234') in 0.000890 seconds
Number of updated asset objects reloaded before import = 0
Number of asset objects unloaded after import = 0
========================================================================
Received Import Request.
  Time since last request: 0.860323 seconds.
  path: Packages/com.unity.textmeshpro/Scripts/Runtime/TMP_SpriteCharacter.cs
  artifactKey: Guid(202d758d102b6854a9710c8b93db742c) Importer(815301076,1909f56bfc062723c751e8b465ee728b)
Start importing Packages/com.unity.textmeshpro/Scripts/Runtime/TMP_SpriteCharacter.cs using Guid(202d758d102b6854a9710c8b93db742c) Importer(815301076,1909f56bfc062723c751e8b465ee728b)  -> (artifact id: '600e7e5708733208b4ded7736057cbb2') in 0.000502 seconds
Number of updated asset objects reloaded before import = 0
Number of asset objects unloaded after import = 0
========================================================================
Received Import Request.
  Time since last request: 8.018339 seconds.
  path: Packages/com.meta.xr.sdk.core/Editor/BuildingBlocks/BlockData/MultiplayerBlocks/PhotonFusion/PlayerVoiceChat/Textures/bb_thumb_networkedplayervoicechat.jpg
  artifactKey: Guid(d8946f5c2e9b1430e902d6a90753f7d1) Importer(815301076,1909f56bfc062723c751e8b465ee728b)
Start importing Packages/com.meta.xr.sdk.core/Editor/BuildingBlocks/BlockData/MultiplayerBlocks/PhotonFusion/PlayerVoiceChat/Textures/bb_thumb_networkedplayervoicechat.jpg using Guid(d8946f5c2e9b1430e902d6a90753f7d1) Importer(815301076,1909f56bfc062723c751e8b465ee728b)  -> (artifact id: '2572a28afa4a6d6ef447fb7ae33b2d0d') in 0.182517 seconds
Number of updated asset objects reloaded before import = 0
Number of asset objects unloaded after import = 2
========================================================================
Received Import Request.
  Time since last request: 0.001231 seconds.
  path: Packages/com.meta.xr.sdk.core/Scripts/BuildingBlocks/MultiplayerBlocks/Shared/Meta.XR.MultiplayerBlocks.Shared.asmdef
  artifactKey: Guid(556b773d6a305d4468ac5cfc13ebbf2f) Importer(815301076,1909f56bfc062723c751e8b465ee728b)
Start importing Packages/com.meta.xr.sdk.core/Scripts/BuildingBlocks/MultiplayerBlocks/Shared/Meta.XR.MultiplayerBlocks.Shared.asmdef using Guid(556b773d6a305d4468ac5cfc13ebbf2f) Importer(815301076,1909f56bfc062723c751e8b465ee728b)  -> (artifact id: '9ca9353ee29e60d7d0511ae214be5c01') in 0.006019 seconds
Number of updated asset objects reloaded before import = 0
Number of asset objects unloaded after import = 0
========================================================================
Received Import Request.
  Time since last request: 0.003080 seconds.
  path: Packages/com.meta.xr.sdk.core/Scripts/BuildingBlocks/MultiplayerBlocks/NGO/Meta.XR.MultiplayerBlocks.NGO.asmdef
  artifactKey: Guid(2496edabe4f9f504ca1f0253b7026db8) Importer(815301076,1909f56bfc062723c751e8b465ee728b)
Start importing Packages/com.meta.xr.sdk.core/Scripts/BuildingBlocks/MultiplayerBlocks/NGO/Meta.XR.MultiplayerBlocks.NGO.asmdef using Guid(2496edabe4f9f504ca1f0253b7026db8) Importer(815301076,1909f56bfc062723c751e8b465ee728b)  -> (artifact id: '415bcaa47f0e05576ed32004e46beaad') in 0.000486 seconds
Number of updated asset objects reloaded before import = 0
Number of asset objects unloaded after import = 0
========================================================================
Received Import Request.
  Time since last request: 0.002956 seconds.
  path: Packages/com.meta.xr.sdk.core/Editor/BuildingBlocks/BlockData/MultiplayerBlocks/PhotonFusion/Meta.XR.MultiplayerBlocks.Fusion.Editor.asmdef
  artifactKey: Guid(605641bd66474487ca6f2ea7026fe16b) Importer(815301076,1909f56bfc062723c751e8b465ee728b)
Start importing Packages/com.meta.xr.sdk.core/Editor/BuildingBlocks/BlockData/MultiplayerBlocks/PhotonFusion/Meta.XR.MultiplayerBlocks.Fusion.Editor.asmdef using Guid(605641bd66474487ca6f2ea7026fe16b) Importer(815301076,1909f56bfc062723c751e8b465ee728b)  -> (artifact id: 'a52f7dc335747c0e89da5c673cc88ecc') in 0.003590 seconds
Number of updated asset objects reloaded before import = 0
Number of asset objects unloaded after import = 0
========================================================================
Received Import Request.
  Time since last request: 0.001763 seconds.
  path: Packages/com.meta.xr.sdk.core/Editor/BuildingBlocks/BlockData/MultiplayerBlocks/NGO/Meta.XR.MultiplayerBlocks.NGO.Editor.asmdef
  artifactKey: Guid(103291b836decf449ac68c8e7c6b2232) Importer(815301076,1909f56bfc062723c751e8b465ee728b)
Start importing Packages/com.meta.xr.sdk.core/Editor/BuildingBlocks/BlockData/MultiplayerBlocks/NGO/Meta.XR.MultiplayerBlocks.NGO.Editor.asmdef using Guid(103291b836decf449ac68c8e7c6b2232) Importer(815301076,1909f56bfc062723c751e8b465ee728b)  -> (artifact id: '559db6ab939bee6f0414bbe6130b789d') in 0.000427 seconds
Number of updated asset objects reloaded before import = 0
Number of asset objects unloaded after import = 0
========================================================================
Received Import Request.
  Time since last request: 4.790526 seconds.
  path: Packages/com.meta.xr.sdk.core/Editor/BuildingBlocks/BlockData/MultiplayerBlocks/PhotonFusion/PlayerNameTag/PlayerNameTagFusionInstallationRoutine.asset
  artifactKey: Guid(980fea73fc05ef441a8595e730f7f98a) Importer(815301076,1909f56bfc062723c751e8b465ee728b)
Start importing Packages/com.meta.xr.sdk.core/Editor/BuildingBlocks/BlockData/MultiplayerBlocks/PhotonFusion/PlayerNameTag/PlayerNameTagFusionInstallationRoutine.asset using Guid(980fea73fc05ef441a8595e730f7f98a) Importer(815301076,1909f56bfc062723c751e8b465ee728b)  -> (artifact id: 'f9609f480b8b3e21b94f4b166025fe31') in 0.032278 seconds
Number of updated asset objects reloaded before import = 0
Number of asset objects unloaded after import = 6
========================================================================
Received Import Request.
  Time since last request: 1.468446 seconds.
  path: Packages/com.unity.inputsystem/InputSystem/Plugins/PlayerInput/PlayerInputManager.cs
  artifactKey: Guid(621567455fd1c4ceb811cc8a00b6a1a5) Importer(815301076,1909f56bfc062723c751e8b465ee728b)
Start importing Packages/com.unity.inputsystem/InputSystem/Plugins/PlayerInput/PlayerInputManager.cs using Guid(621567455fd1c4ceb811cc8a00b6a1a5) Importer(815301076,1909f56bfc062723c751e8b465ee728b)  -> (artifact id: '117c07bd9be64764b4ba13a9ae624729') in 0.001825 seconds
Number of updated asset objects reloaded before import = 0
Number of asset objects unloaded after import = 0
========================================================================
Received Import Request.
  Time since last request: 2.392298 seconds.
  path: Packages/com.unity.inputsystem/InputSystem/Plugins/PlayerInput/PlayerInput.cs
  artifactKey: Guid(62899f850307741f2a39c98a8b639597) Importer(815301076,1909f56bfc062723c751e8b465ee728b)
Start importing Packages/com.unity.inputsystem/InputSystem/Plugins/PlayerInput/PlayerInput.cs using Guid(62899f850307741f2a39c98a8b639597) Importer(815301076,1909f56bfc062723c751e8b465ee728b)  -> (artifact id: '893caeaec1ed14585168cdb3692e8e7d') in 0.001206 seconds
Number of updated asset objects reloaded before import = 0
Number of asset objects unloaded after import = 0
========================================================================
Received Import Request.
  Time since last request: 1.002553 seconds.
  path: Packages/com.meta.xr.sdk.core/Editor/BuildingBlocks/BlockData/MultiplayerBlocks/PhotonFusion/PlayerVoiceChat/Prefabs/PlayerVoiceChat.prefab
  artifactKey: Guid(ee7aa31c863517340be0ce3f66d2e03d) Importer(815301076,1909f56bfc062723c751e8b465ee728b)
Start importing Packages/com.meta.xr.sdk.core/Editor/BuildingBlocks/BlockData/MultiplayerBlocks/PhotonFusion/PlayerVoiceChat/Prefabs/PlayerVoiceChat.prefab using Guid(ee7aa31c863517340be0ce3f66d2e03d) Importer(815301076,1909f56bfc062723c751e8b465ee728b)  -> (artifact id: 'f4529b93ac7d34832daeb142e72d7db9') in 0.049396 seconds
Number of updated asset objects reloaded before import = 0
Number of asset objects unloaded after import = 5
========================================================================
Received Import Request.
  Time since last request: 2.432723 seconds.
  path: Packages/com.meta.xr.sdk.core/Editor/BuildingBlocks/BlockData/MultiplayerBlocks/PhotonFusion/PlayerVoiceChat/PlayerVoiceChatInterfaceBlockData.asset
  artifactKey: Guid(5d56af483e661134ab97925a2d9c4057) Importer(815301076,1909f56bfc062723c751e8b465ee728b)
Start importing Packages/com.meta.xr.sdk.core/Editor/BuildingBlocks/BlockData/MultiplayerBlocks/PhotonFusion/PlayerVoiceChat/PlayerVoiceChatInterfaceBlockData.asset using Guid(5d56af483e661134ab97925a2d9c4057) Importer(815301076,1909f56bfc062723c751e8b465ee728b)  -> (artifact id: 'aa63dc83009e3f9676977ca360e860b2') in 0.005862 seconds
Number of updated asset objects reloaded before import = 0
Number of asset objects unloaded after import = 2
========================================================================
Received Import Request.
  Time since last request: 18.630675 seconds.
  path: Packages/com.meta.xr.sdk.interaction/Runtime/Scripts/Input/Controllers/ControllerHandDataSource.cs
  artifactKey: Guid(ebd6faaa777be1545ad23840580af5fe) Importer(815301076,1909f56bfc062723c751e8b465ee728b)
Start importing Packages/com.meta.xr.sdk.interaction/Runtime/Scripts/Input/Controllers/ControllerHandDataSource.cs using Guid(ebd6faaa777be1545ad23840580af5fe) Importer(815301076,1909f56bfc062723c751e8b465ee728b)  -> (artifact id: '878287bcb36206dfe3298ac1ff0452fb') in 0.002074 seconds
Number of updated asset objects reloaded before import = 0
Number of asset objects unloaded after import = 0
========================================================================
Received Prepare
Begin MonoManager ReloadAssembly
Thread 0x16bb77000 may have been prematurely finalized
Symbol file LoadedFromMemory is not a mono symbol file
- Loaded All Assemblies, in  1.286 seconds
Refreshing native plugins compatible for Editor in 3.38 ms, found 9 plugins.
Native extension for Android target not found
Native extension for OSXStandalone target not found
[Package Manager] Server::EnsureServerProcessIsRunning -- launch failed, reason: Unity was launched with the -noUpm command-line argument
[Package Manager] UpmClient::Send -- Unable to send message (not connected to UPM process).
[Package Manager] Cannot connect to Unity Package Manager local server
[Package Manager] Server::EnsureServerProcessIsRunning -- launch failed, reason: Unity was launched with the -noUpm command-line argument
[Package Manager] UpmClient::Send -- Unable to send message (not connected to UPM process).
[Package Manager] Cannot connect to Unity Package Manager local server
[Package Manager] Server::EnsureServerProcessIsRunning -- launch failed, reason: Unity was launched with the -noUpm command-line argument
[Package Manager] UpmClient::Send -- Unable to send message (not connected to UPM process).
[Package Manager] Cannot connect to Unity Package Manager local server
Mono: successfully reloaded assembly
[Package Manager] Server::EnsureServerProcessIsRunning -- launch failed, reason: Unity was launched with the -noUpm command-line argument
[Package Manager] UpmClient::Send -- Unable to send message (not connected to UPM process).
[Package Manager] Cannot connect to Unity Package Manager local server
- Finished resetting the current domain, in  1.286 seconds
Domain Reload Profiling: 2598ms
	BeginReloadAssembly (291ms)
		ExecutionOrderSort (0ms)
		DisableScriptedObjects (28ms)
		BackupInstance (0ms)
		ReleaseScriptingObjects (0ms)
		CreateAndSetChildDomain (153ms)
	RebuildCommonClasses (26ms)
	RebuildNativeTypeToScriptingClass (9ms)
	initialDomainReloadingComplete (20ms)
	LoadAllAssembliesAndSetupDomain (965ms)
		LoadAssemblies (931ms)
		RebuildTransferFunctionScriptingTraits (0ms)
		AnalyzeDomain (78ms)
			TypeCache.Refresh (47ms)
				TypeCache.ScanAssembly (0ms)
			ScanForSourceGeneratedMonoScriptInfo (1ms)
			ResolveRequiredComponents (29ms)
	FinalizeReload (1287ms)
		ReleaseScriptCaches (0ms)
		RebuildScriptCaches (0ms)
		SetupLoadedEditorAssemblies (550ms)
			LogAssemblyErrors (0ms)
			InitializePlatformSupportModulesInManaged (23ms)
			SetLoadedEditorAssemblies (11ms)
			RefreshPlugins (0ms)
			BeforeProcessingInitializeOnLoad (100ms)
			ProcessInitializeOnLoadAttributes (359ms)
			ProcessInitializeOnLoadMethodAttributes (57ms)
			AfterProcessingInitializeOnLoad (1ms)
			EditorAssembliesLoaded (0ms)
		ExecutionOrderSort2 (0ms)
		AwakeInstancesAfterBackupRestoration (18ms)
Shader 'Meta/MRUK/Scene/HighlightsAndShadows': fallback shader 'Off' not found
Shader 'Oculus/OVRMRCameraFrameLit': fallback shader 'Alpha-Diffuse' not found
Refreshing native plugins compatible for Editor in 3.41 ms, found 9 plugins.
Preloading 2 native plugins for Editor in 0.63 ms.
Unloading 6029 Unused Serialized files (Serialized files now loaded: 0)
Unloading 81 unused Assets / (0.5 MB). Loaded Objects now: 6872.
Memory consumption went from 260.2 MB to 259.7 MB.
Total: 18.422667 ms (FindLiveObjects: 0.572417 ms CreateObjectMapping: 0.307792 ms MarkObjects: 16.929458 ms  DeleteObjects: 0.612166 ms)

Prepare: number of updated asset objects reloaded= 0
AssetImportParameters requested are different than current active one (requested -> active):
  custom:container-demuxer-ogg: 62fdf1f143b41e24485cea50d1cbac27 -> 
  custom:video-decoder-ogg-theora: a1e56fd34408186e4bbccfd4996cb3dc -> 
  custom:CustomObjectIndexerAttribute: 4d1d7186bcbbfe361de5f0ad951e585c -> 
  custom:container-demuxer-webm: 4f35f7cbe854078d1ac9338744f61a02 -> 
  custom:container-muxer-webm: aa71ff27fc2769a1b78a27578f13a17b -> 
  custom:video-decoder-webm-vp8: 9c59270c3fd7afecdb556c50c9e8de78 -> 
  custom:SearchIndexIgnoredProperties: e643bd26f0fe6173181afceb89e7c659 -> 
  custom:AudioImporter_EditorPlatform: 3918e3fc78b5a79bad01e8451be0beb8 -> 
  custom:framework-osx-AVFoundation: e770b220cccbd017edd2c1fefb359320 -> 
  custom:video-encoder-webm-vp8: eb34c28f22e8b96e1ab97ce403110664 -> 
  custom:audio-decoder-ogg-vorbis: bf7c407c2cedff20999df2af8eb42d56 -> 
  custom:audio-encoder-webm-vorbis: bf7c407c2cedff20999df2af8eb42d56 -> 
========================================================================
Received Prepare
Begin MonoManager ReloadAssembly
Thread 0x16bb77000 may have been prematurely finalized
Symbol file LoadedFromMemory is not a mono symbol file
- Loaded All Assemblies, in  0.470 seconds
Refreshing native plugins compatible for Editor in 3.14 ms, found 9 plugins.
Native extension for Android target not found
Native extension for OSXStandalone target not found
[Package Manager] Server::EnsureServerProcessIsRunning -- launch failed, reason: Unity was launched with the -noUpm command-line argument
[Package Manager] UpmClient::Send -- Unable to send message (not connected to UPM process).
[Package Manager] Cannot connect to Unity Package Manager local server
[Package Manager] Server::EnsureServerProcessIsRunning -- launch failed, reason: Unity was launched with the -noUpm command-line argument
[Package Manager] UpmClient::Send -- Unable to send message (not connected to UPM process).
[Package Manager] Cannot connect to Unity Package Manager local server
[Package Manager] Server::EnsureServerProcessIsRunning -- launch failed, reason: Unity was launched with the -noUpm command-line argument
[Package Manager] UpmClient::Send -- Unable to send message (not connected to UPM process).
[Package Manager] Cannot connect to Unity Package Manager local server
Mono: successfully reloaded assembly
[Package Manager] Server::EnsureServerProcessIsRunning -- launch failed, reason: Unity was launched with the -noUpm command-line argument
[Package Manager] UpmClient::Send -- Unable to send message (not connected to UPM process).
[Package Manager] Cannot connect to Unity Package Manager local server
- Finished resetting the current domain, in  1.347 seconds
Domain Reload Profiling: 1818ms
	BeginReloadAssembly (188ms)
		ExecutionOrderSort (0ms)
		DisableScriptedObjects (3ms)
		BackupInstance (0ms)
		ReleaseScriptingObjects (0ms)
		CreateAndSetChildDomain (107ms)
	RebuildCommonClasses (25ms)
	RebuildNativeTypeToScriptingClass (9ms)
	initialDomainReloadingComplete (21ms)
	LoadAllAssembliesAndSetupDomain (228ms)
		LoadAssemblies (246ms)
		RebuildTransferFunctionScriptingTraits (0ms)
		AnalyzeDomain (29ms)
			TypeCache.Refresh (11ms)
				TypeCache.ScanAssembly (0ms)
			ScanForSourceGeneratedMonoScriptInfo (0ms)
			ResolveRequiredComponents (17ms)
	FinalizeReload (1347ms)
		ReleaseScriptCaches (0ms)
		RebuildScriptCaches (0ms)
		SetupLoadedEditorAssemblies (567ms)
			LogAssemblyErrors (0ms)
			InitializePlatformSupportModulesInManaged (21ms)
			SetLoadedEditorAssemblies (4ms)
			RefreshPlugins (0ms)
			BeforeProcessingInitializeOnLoad (60ms)
			ProcessInitializeOnLoadAttributes (431ms)
			ProcessInitializeOnLoadMethodAttributes (49ms)
			AfterProcessingInitializeOnLoad (1ms)
			EditorAssembliesLoaded (0ms)
		ExecutionOrderSort2 (0ms)
		AwakeInstancesAfterBackupRestoration (21ms)
Shader 'Meta/MRUK/Scene/HighlightsAndShadows': fallback shader 'Off' not found
Shader 'Oculus/OVRMRCameraFrameLit': fallback shader 'Alpha-Diffuse' not found
Refreshing native plugins compatible for Editor in 3.56 ms, found 9 plugins.
Preloading 2 native plugins for Editor in 1.06 ms.
Unloading 6029 Unused Serialized files (Serialized files now loaded: 0)
Unloading 81 unused Assets / (0.5 MB). Loaded Objects now: 6877.
Memory consumption went from 267.6 MB to 267.1 MB.
Total: 11.665916 ms (FindLiveObjects: 1.081667 ms CreateObjectMapping: 0.176833 ms MarkObjects: 9.767625 ms  DeleteObjects: 0.637583 ms)

Prepare: number of updated asset objects reloaded= 0
AssetImportParameters requested are different than current active one (requested -> active):
  custom:container-demuxer-ogg: 62fdf1f143b41e24485cea50d1cbac27 -> 
  custom:video-decoder-ogg-theora: a1e56fd34408186e4bbccfd4996cb3dc -> 
  custom:CustomObjectIndexerAttribute: 4d1d7186bcbbfe361de5f0ad951e585c -> 
  custom:container-demuxer-webm: 4f35f7cbe854078d1ac9338744f61a02 -> 
  custom:container-muxer-webm: aa71ff27fc2769a1b78a27578f13a17b -> 
  custom:video-decoder-webm-vp8: 9c59270c3fd7afecdb556c50c9e8de78 -> 
  custom:SearchIndexIgnoredProperties: e643bd26f0fe6173181afceb89e7c659 -> 
  custom:AudioImporter_EditorPlatform: 3918e3fc78b5a79bad01e8451be0beb8 -> 
  custom:framework-osx-AVFoundation: e770b220cccbd017edd2c1fefb359320 -> 
  custom:video-encoder-webm-vp8: eb34c28f22e8b96e1ab97ce403110664 -> 
  custom:audio-decoder-ogg-vorbis: bf7c407c2cedff20999df2af8eb42d56 -> 
  custom:audio-encoder-webm-vorbis: bf7c407c2cedff20999df2af8eb42d56 -> 
========================================================================
Received Import Request.
  Time since last request: 240.062032 seconds.
  path: Assets/Store.unity
  artifactKey: Guid(96f32d2825eaa6d479a261d4abb87817) Importer(815301076,1909f56bfc062723c751e8b465ee728b)
Start importing Assets/Store.unity using Guid(96f32d2825eaa6d479a261d4abb87817) Importer(815301076,1909f56bfc062723c751e8b465ee728b)  -> (artifact id: '6c536320f0cccde0461daaf138d3fcd7') in 0.036306 seconds
Number of updated asset objects reloaded before import = 0
Number of asset objects unloaded after import = 0
========================================================================
Received Prepare
Shader 'Meta/MRUK/Scene/HighlightsAndShadows': fallback shader 'Off' not found
Shader 'Oculus/OVRMRCameraFrameLit': fallback shader 'Alpha-Diffuse' not found
Refreshing native plugins compatible for Editor in 16.21 ms, found 9 plugins.
Preloading 2 native plugins for Editor in 5.99 ms.
Unloading 4 Unused Serialized files (Serialized files now loaded: 0)
Unloading 4 unused Assets / (484.9 KB). Loaded Objects now: 6877.
Memory consumption went from 173.2 MB to 172.8 MB.
Total: 10.080667 ms (FindLiveObjects: 0.616833 ms CreateObjectMapping: 0.091250 ms MarkObjects: 9.168959 ms  DeleteObjects: 0.202917 ms)

Prepare: number of updated asset objects reloaded= 1
AssetImportParameters requested are different than current active one (requested -> active):
  custom:container-demuxer-ogg: 62fdf1f143b41e24485cea50d1cbac27 -> 
  custom:video-decoder-ogg-theora: a1e56fd34408186e4bbccfd4996cb3dc -> 
  custom:CustomObjectIndexerAttribute: 4d1d7186bcbbfe361de5f0ad951e585c -> 
  custom:container-demuxer-webm: 4f35f7cbe854078d1ac9338744f61a02 -> 
  custom:container-muxer-webm: aa71ff27fc2769a1b78a27578f13a17b -> 
  custom:video-decoder-webm-vp8: 9c59270c3fd7afecdb556c50c9e8de78 -> 
  custom:SearchIndexIgnoredProperties: e643bd26f0fe6173181afceb89e7c659 -> 
  custom:AudioImporter_EditorPlatform: 3918e3fc78b5a79bad01e8451be0beb8 -> 
  custom:framework-osx-AVFoundation: e770b220cccbd017edd2c1fefb359320 -> 
  custom:video-encoder-webm-vp8: eb34c28f22e8b96e1ab97ce403110664 -> 
  custom:audio-decoder-ogg-vorbis: bf7c407c2cedff20999df2af8eb42d56 -> 
  custom:audio-encoder-webm-vorbis: bf7c407c2cedff20999df2af8eb42d56 -> 
========================================================================
Received Prepare
Begin MonoManager ReloadAssembly
Thread 0x16bb77000 may have been prematurely finalized
Symbol file LoadedFromMemory is not a mono symbol file
- Loaded All Assemblies, in  1.156 seconds
Refreshing native plugins compatible for Editor in 3.21 ms, found 9 plugins.
Native extension for Android target not found
Native extension for OSXStandalone target not found
[Package Manager] Server::EnsureServerProcessIsRunning -- launch failed, reason: Unity was launched with the -noUpm command-line argument
[Package Manager] UpmClient::Send -- Unable to send message (not connected to UPM process).
[Package Manager] Cannot connect to Unity Package Manager local server
[Package Manager] Server::EnsureServerProcessIsRunning -- launch failed, reason: Unity was launched with the -noUpm command-line argument
[Package Manager] UpmClient::Send -- Unable to send message (not connected to UPM process).
[Package Manager] Cannot connect to Unity Package Manager local server
[Package Manager] Server::EnsureServerProcessIsRunning -- launch failed, reason: Unity was launched with the -noUpm command-line argument
[Package Manager] UpmClient::Send -- Unable to send message (not connected to UPM process).
[Package Manager] Cannot connect to Unity Package Manager local server
Mono: successfully reloaded assembly
[Package Manager] Server::EnsureServerProcessIsRunning -- launch failed, reason: Unity was launched with the -noUpm command-line argument
[Package Manager] UpmClient::Send -- Unable to send message (not connected to UPM process).
[Package Manager] Cannot connect to Unity Package Manager local server
- Finished resetting the current domain, in  1.479 seconds
Domain Reload Profiling: 2648ms
	BeginReloadAssembly (280ms)
		ExecutionOrderSort (0ms)
		DisableScriptedObjects (6ms)
		BackupInstance (0ms)
		ReleaseScriptingObjects (0ms)
		CreateAndSetChildDomain (125ms)
	RebuildCommonClasses (23ms)
	RebuildNativeTypeToScriptingClass (8ms)
	initialDomainReloadingComplete (21ms)
	LoadAllAssembliesAndSetupDomain (836ms)
		LoadAssemblies (872ms)
		RebuildTransferFunctionScriptingTraits (0ms)
		AnalyzeDomain (55ms)
			TypeCache.Refresh (30ms)
				TypeCache.ScanAssembly (0ms)
			ScanForSourceGeneratedMonoScriptInfo (0ms)
			ResolveRequiredComponents (24ms)
	FinalizeReload (1480ms)
		ReleaseScriptCaches (0ms)
		RebuildScriptCaches (0ms)
		SetupLoadedEditorAssemblies (475ms)
			LogAssemblyErrors (0ms)
			InitializePlatformSupportModulesInManaged (15ms)
			SetLoadedEditorAssemblies (6ms)
			RefreshPlugins (0ms)
			BeforeProcessingInitializeOnLoad (72ms)
			ProcessInitializeOnLoadAttributes (336ms)
			ProcessInitializeOnLoadMethodAttributes (45ms)
			AfterProcessingInitializeOnLoad (1ms)
			EditorAssembliesLoaded (0ms)
		ExecutionOrderSort2 (0ms)
		AwakeInstancesAfterBackupRestoration (16ms)
Shader 'Meta/MRUK/Scene/HighlightsAndShadows': fallback shader 'Off' not found
Shader 'Oculus/OVRMRCameraFrameLit': fallback shader 'Alpha-Diffuse' not found
Refreshing native plugins compatible for Editor in 3.90 ms, found 9 plugins.
Preloading 2 native plugins for Editor in 0.37 ms.
Unloading 6029 Unused Serialized files (Serialized files now loaded: 0)
Unloading 81 unused Assets / (0.5 MB). Loaded Objects now: 6882.
Memory consumption went from 273.0 MB to 272.5 MB.
Total: 6.521250 ms (FindLiveObjects: 0.468250 ms CreateObjectMapping: 0.095833 ms MarkObjects: 5.601042 ms  DeleteObjects: 0.355709 ms)

Prepare: number of updated asset objects reloaded= 0
AssetImportParameters requested are different than current active one (requested -> active):
  custom:container-demuxer-ogg: 62fdf1f143b41e24485cea50d1cbac27 -> 
  custom:video-decoder-ogg-theora: a1e56fd34408186e4bbccfd4996cb3dc -> 
  custom:CustomObjectIndexerAttribute: 4d1d7186bcbbfe361de5f0ad951e585c -> 
  custom:container-demuxer-webm: 4f35f7cbe854078d1ac9338744f61a02 -> 
  custom:container-muxer-webm: aa71ff27fc2769a1b78a27578f13a17b -> 
  custom:video-decoder-webm-vp8: 9c59270c3fd7afecdb556c50c9e8de78 -> 
  custom:SearchIndexIgnoredProperties: e643bd26f0fe6173181afceb89e7c659 -> 
  custom:AudioImporter_EditorPlatform: 3918e3fc78b5a79bad01e8451be0beb8 -> 
  custom:framework-osx-AVFoundation: e770b220cccbd017edd2c1fefb359320 -> 
  custom:video-encoder-webm-vp8: eb34c28f22e8b96e1ab97ce403110664 -> 
  custom:audio-decoder-ogg-vorbis: bf7c407c2cedff20999df2af8eb42d56 -> 
  custom:audio-encoder-webm-vorbis: bf7c407c2cedff20999df2af8eb42d56 -> 
========================================================================
Received Import Request.
  Time since last request: 864.798593 seconds.
  path: Assets/GroKit/Integrations/Meta/Prefabs/LGestureEvent.prefab
  artifactKey: Guid(889be3a9a84f78e4c877b29a2029b756) Importer(815301076,1909f56bfc062723c751e8b465ee728b)
Start importing Assets/GroKit/Integrations/Meta/Prefabs/LGestureEvent.prefab using Guid(889be3a9a84f78e4c877b29a2029b756) Importer(815301076,1909f56bfc062723c751e8b465ee728b)  -> (artifact id: 'eb1d9c38d585339c61de288797838eb6') in 0.974743 seconds
Number of updated asset objects reloaded before import = 0
Number of asset objects unloaded after import = 44
========================================================================
Received Import Request.
  Time since last request: 0.038456 seconds.
  path: Assets/GroKit/Integrations/Meta/Prefabs/PointGesture.prefab
  artifactKey: Guid(64813fd9c00c3e54bb565824e7b01e12) Importer(815301076,1909f56bfc062723c751e8b465ee728b)
Start importing Assets/GroKit/Integrations/Meta/Prefabs/PointGesture.prefab using Guid(64813fd9c00c3e54bb565824e7b01e12) Importer(815301076,1909f56bfc062723c751e8b465ee728b)  -> (artifact id: 'a78f0c51d8f46fb2cedc0309122e4fcd') in 0.061892 seconds
Number of updated asset objects reloaded before import = 0
Number of asset objects unloaded after import = 45
========================================================================
Received Import Request.
  Time since last request: 0.000124 seconds.
  path: Assets/GroKit/Integrations/Meta/Prefabs/MetaGestureInputXR.prefab
  artifactKey: Guid(6754c201ae13c5d40a074968dc1e7c07) Importer(815301076,1909f56bfc062723c751e8b465ee728b)
Start importing Assets/GroKit/Integrations/Meta/Prefabs/MetaGestureInputXR.prefab using Guid(6754c201ae13c5d40a074968dc1e7c07) Importer(815301076,1909f56bfc062723c751e8b465ee728b)  -> (artifact id: '7d26290387e064f720a02f57ad692944') in 0.025215 seconds
Number of updated asset objects reloaded before import = 0
Number of asset objects unloaded after import = 75
========================================================================
Received Import Request.
  Time since last request: 0.000422 seconds.
  path: Assets/GroKit/Integrations/Meta/Prefabs/PokerIndexSphereL.prefab
  artifactKey: Guid(e90cfee328cfd844180277a7aff8e71b) Importer(815301076,1909f56bfc062723c751e8b465ee728b)
Start importing Assets/GroKit/Integrations/Meta/Prefabs/PokerIndexSphereL.prefab using Guid(e90cfee328cfd844180277a7aff8e71b) Importer(815301076,1909f56bfc062723c751e8b465ee728b)  -> (artifact id: '5b915524c0d6fa64150f4429816d2551') in 0.017888 seconds
Number of updated asset objects reloaded before import = 0
Number of asset objects unloaded after import = 15
========================================================================
Received Import Request.
  Time since last request: 0.000307 seconds.
  path: Assets/GroKit/Integrations/Meta/Prefabs/PokeToggleButton.prefab
  artifactKey: Guid(3057b8455e6162c43b29cfd89192bcad) Importer(815301076,1909f56bfc062723c751e8b465ee728b)
Start importing Assets/GroKit/Integrations/Meta/Prefabs/PokeToggleButton.prefab using Guid(3057b8455e6162c43b29cfd89192bcad) Importer(815301076,1909f56bfc062723c751e8b465ee728b)  -> (artifact id: 'cc32718b5cc18926c166bf5bfd0f4127') in 0.296246 seconds
Number of updated asset objects reloaded before import = 0
Number of asset objects unloaded after import = 45
========================================================================
Received Import Request.
  Time since last request: 0.140577 seconds.
  path: Assets/GroKit/Integrations/Meta/Prefabs/PokerIndexSphereR.prefab
  artifactKey: Guid(5f6a6f23c0753404f81e915e815aa5ea) Importer(815301076,1909f56bfc062723c751e8b465ee728b)
Start importing Assets/GroKit/Integrations/Meta/Prefabs/PokerIndexSphereR.prefab using Guid(5f6a6f23c0753404f81e915e815aa5ea) Importer(815301076,1909f56bfc062723c751e8b465ee728b)  -> (artifact id: 'f0c90ea5fc6ca6ec62b794b9d67767e3') in 0.148104 seconds
Number of updated asset objects reloaded before import = 0
Number of asset objects unloaded after import = 15
Editor requested this worker to shutdown with reason: Scaling down because of idle timeout
TcpMessagingSession - receive error: operation aborted. errorcode: 89, details: Operation aborted.
AssetImportWorker is now disconnected from the server
Process exiting
