Unity Editor version:    2022.3.15f1 (b58023a2b463)
Branch:                  2022.3/staging
Build type:              Release
Batch mode:              YES
macOS version:           Version 15.0.1 (Build 24A348)
Darwin version:          24.0.0
Architecture:            arm64
Running under Rosetta:   NO
Available memory:        8192 MB
Using pre-set license
Pro License: YES

COMMAND LINE ARGUMENTS:
/Applications/Unity/Hub/Editor/2022.3.15f1/Unity.app/Contents/MacOS/Unity
-adb2
-batchMode
-noUpm
-name
AssetImportWorker1
-projectPath
/Users/Owner/Documents/GitHub/xr-midwest-langshot/GroKit-Lite_URP
-logFile
Logs/AssetImportWorker1.log
-srvPort
63481
Successfully changed project path to: /Users/Owner/Documents/GitHub/xr-midwest-langshot/GroKit-Lite_URP
/Users/Owner/Documents/GitHub/xr-midwest-langshot/GroKit-Lite_URP
[UnityMemory] Configuration Parameters - Can be set up in boot.config
    "memorysetup-bucket-allocator-granularity=16"
    "memorysetup-bucket-allocator-bucket-count=8"
    "memorysetup-bucket-allocator-block-size=33554432"
    "memorysetup-bucket-allocator-block-count=8"
    "memorysetup-main-allocator-block-size=16777216"
    "memorysetup-thread-allocator-block-size=16777216"
    "memorysetup-gfx-main-allocator-block-size=16777216"
    "memorysetup-gfx-thread-allocator-block-size=16777216"
    "memorysetup-cache-allocator-block-size=4194304"
    "memorysetup-typetree-allocator-block-size=2097152"
    "memorysetup-profiler-bucket-allocator-granularity=16"
    "memorysetup-profiler-bucket-allocator-bucket-count=8"
    "memorysetup-profiler-bucket-allocator-block-size=33554432"
    "memorysetup-profiler-bucket-allocator-block-count=8"
    "memorysetup-profiler-allocator-block-size=16777216"
    "memorysetup-profiler-editor-allocator-block-size=1048576"
    "memorysetup-temp-allocator-size-main=16777216"
    "memorysetup-job-temp-allocator-block-size=2097152"
    "memorysetup-job-temp-allocator-block-size-background=1048576"
    "memorysetup-job-temp-allocator-reduction-small-platforms=262144"
    "memorysetup-allocator-temp-initial-block-size-main=262144"
    "memorysetup-allocator-temp-initial-block-size-worker=262144"
    "memorysetup-temp-allocator-size-background-worker=32768"
    "memorysetup-temp-allocator-size-job-worker=262144"
    "memorysetup-temp-allocator-size-preload-manager=33554432"
    "memorysetup-temp-allocator-size-nav-mesh-worker=65536"
    "memorysetup-temp-allocator-size-audio-worker=65536"
    "memorysetup-temp-allocator-size-cloud-worker=32768"
    "memorysetup-temp-allocator-size-gi-baking-worker=262144"
    "memorysetup-temp-allocator-size-gfx=262144"
Player connection [8416932416] Host "[IP] 35.2.95.171 [Port] 0 [Flags] 2 [Guid] 3356848537 [EditorId] 3356848537 [Version] 1048832 [Id] OSXEditor(0,jx-mac.local) [Debug] 1 [PackageName] OSXEditor [ProjectName] Editor" joined multi-casting on [225.0.0.222:54997]...

Player connection [8416932416] Host "[IP] 35.2.95.171 [Port] 0 [Flags] 2 [Guid] 3356848537 [EditorId] 3356848537 [Version] 1048832 [Id] OSXEditor(0,jx-mac.local) [Debug] 1 [PackageName] OSXEditor [ProjectName] Editor" joined alternative multi-casting on [225.0.0.222:34997]...

[Physics::Module] Initialized MultithreadedJobDispatcher with 7 workers.
Refreshing native plugins compatible for Editor in 15.82 ms, found 9 plugins.
Preloading 2 native plugins for Editor in 10.47 ms.
Initialize engine version: 2022.3.15f1 (b58023a2b463)
[Subsystems] Discovering subsystems at path /Applications/Unity/Hub/Editor/2022.3.15f1/Unity.app/Contents/Resources/UnitySubsystems
[Subsystems] Discovering subsystems at path /Users/Owner/Documents/GitHub/xr-midwest-langshot/GroKit-Lite_URP/Assets
GfxDevice: creating device client; threaded=0; jobified=0
 preferred device: Apple M1 (high power)
Metal devices available: 1
0: Apple M1 (high power)
Using device Apple M1 (high power)
Initializing Metal device caps: Apple M1
Shader 'Meta/MRUK/Scene/HighlightsAndShadows': fallback shader 'Off' not found
Shader 'Oculus/OVRMRCameraFrameLit': fallback shader 'Alpha-Diffuse' not found
Initialize mono
Mono path[0] = '/Applications/Unity/Hub/Editor/2022.3.15f1/Unity.app/Contents/Managed'
Mono path[1] = '/Applications/Unity/Hub/Editor/2022.3.15f1/Unity.app/Contents/MonoBleedingEdge/lib/mono/unityjit-macos'
Mono config path = '/Applications/Unity/Hub/Editor/2022.3.15f1/Unity.app/Contents/MonoBleedingEdge/etc'
Using monoOptions --debugger-agent=transport=dt_socket,embedding=1,server=y,suspend=n,address=127.0.0.1:56025
Begin MonoManager ReloadAssembly
Registering precompiled unity dll's ...
Register platform support module: /Applications/Unity/Hub/Editor/2022.3.15f1/Unity.app/Contents/PlaybackEngines/MacStandaloneSupport/UnityEditor.OSXStandalone.Extensions.dll
Register platform support module: /Applications/Unity/Hub/Editor/2022.3.15f1/PlaybackEngines/AndroidPlayer/UnityEditor.Android.Extensions.dll
Registered in 0.003226 seconds.
- Loaded All Assemblies, in  0.338 seconds
Native extension for Android target not found
Android Extension - Scanning For ADB Devices 427 ms
Native extension for OSXStandalone target not found
Mono: successfully reloaded assembly
- Finished resetting the current domain, in  0.761 seconds
Domain Reload Profiling: 1099ms
	BeginReloadAssembly (155ms)
		ExecutionOrderSort (0ms)
		DisableScriptedObjects (0ms)
		BackupInstance (0ms)
		ReleaseScriptingObjects (0ms)
		CreateAndSetChildDomain (1ms)
	RebuildCommonClasses (26ms)
	RebuildNativeTypeToScriptingClass (8ms)
	initialDomainReloadingComplete (33ms)
	LoadAllAssembliesAndSetupDomain (116ms)
		LoadAssemblies (155ms)
		RebuildTransferFunctionScriptingTraits (0ms)
		AnalyzeDomain (114ms)
			TypeCache.Refresh (112ms)
				TypeCache.ScanAssembly (98ms)
			ScanForSourceGeneratedMonoScriptInfo (0ms)
			ResolveRequiredComponents (1ms)
	FinalizeReload (761ms)
		ReleaseScriptCaches (0ms)
		RebuildScriptCaches (0ms)
		SetupLoadedEditorAssemblies (724ms)
			LogAssemblyErrors (0ms)
			InitializePlatformSupportModulesInManaged (622ms)
			SetLoadedEditorAssemblies (3ms)
			RefreshPlugins (0ms)
			BeforeProcessingInitializeOnLoad (2ms)
			ProcessInitializeOnLoadAttributes (70ms)
			ProcessInitializeOnLoadMethodAttributes (27ms)
			AfterProcessingInitializeOnLoad (0ms)
			EditorAssembliesLoaded (0ms)
		ExecutionOrderSort2 (0ms)
		AwakeInstancesAfterBackupRestoration (0ms)
========================================================================
Worker process is ready to serve import requests
Begin MonoManager ReloadAssembly
Symbol file LoadedFromMemory is not a mono symbol file
- Loaded All Assemblies, in  0.690 seconds
Refreshing native plugins compatible for Editor in 74.92 ms, found 9 plugins.
Native extension for Android target not found
Native extension for OSXStandalone target not found
Package Manager log level set to [2]
[Package Manager] Server::EnsureServerProcessIsRunning -- launch failed, reason: Unity was launched with the -noUpm command-line argument
[Package Manager] UpmClient::Send -- Unable to send message (not connected to UPM process).
[Package Manager] Cannot connect to Unity Package Manager local server
[Package Manager] Server::EnsureServerProcessIsRunning -- launch failed, reason: Unity was launched with the -noUpm command-line argument
[Package Manager] UpmClient::Send -- Unable to send message (not connected to UPM process).
[Package Manager] Cannot connect to Unity Package Manager local server
12/10 16:46:41.499 {DEBUG}   [AnalyticsLifeTime] Pre initialization finished.
12/10 16:46:41.499 {DEBUG}   [AnalyticsLifeTime] Post-migration initialization finished.
[Package Manager] Server::EnsureServerProcessIsRunning -- launch failed, reason: Unity was launched with the -noUpm command-line argument
[Package Manager] UpmClient::Send -- Unable to send message (not connected to UPM process).
[Package Manager] Cannot connect to Unity Package Manager local server
Mono: successfully reloaded assembly
[Package Manager] Server::EnsureServerProcessIsRunning -- launch failed, reason: Unity was launched with the -noUpm command-line argument
[Package Manager] UpmClient::Send -- Unable to send message (not connected to UPM process).
[Package Manager] Cannot connect to Unity Package Manager local server
[Package Manager] Server::EnsureServerProcessIsRunning -- launch failed, reason: Unity was launched with the -noUpm command-line argument
[Package Manager] UpmClient::Send -- Unable to send message (not connected to UPM process).
[Package Manager] Cannot connect to Unity Package Manager local server
- Finished resetting the current domain, in  0.777 seconds
Domain Reload Profiling: 1464ms
	BeginReloadAssembly (143ms)
		ExecutionOrderSort (0ms)
		DisableScriptedObjects (3ms)
		BackupInstance (0ms)
		ReleaseScriptingObjects (0ms)
		CreateAndSetChildDomain (30ms)
	RebuildCommonClasses (24ms)
	RebuildNativeTypeToScriptingClass (8ms)
	initialDomainReloadingComplete (24ms)
	LoadAllAssembliesAndSetupDomain (489ms)
		LoadAssemblies (315ms)
		RebuildTransferFunctionScriptingTraits (0ms)
		AnalyzeDomain (239ms)
			TypeCache.Refresh (194ms)
				TypeCache.ScanAssembly (167ms)
			ScanForSourceGeneratedMonoScriptInfo (24ms)
			ResolveRequiredComponents (20ms)
	FinalizeReload (777ms)
		ReleaseScriptCaches (0ms)
		RebuildScriptCaches (0ms)
		SetupLoadedEditorAssemblies (638ms)
			LogAssemblyErrors (0ms)
			InitializePlatformSupportModulesInManaged (11ms)
			SetLoadedEditorAssemblies (3ms)
			RefreshPlugins (0ms)
			BeforeProcessingInitializeOnLoad (51ms)
			ProcessInitializeOnLoadAttributes (534ms)
			ProcessInitializeOnLoadMethodAttributes (39ms)
			AfterProcessingInitializeOnLoad (1ms)
			EditorAssembliesLoaded (0ms)
		ExecutionOrderSort2 (0ms)
		AwakeInstancesAfterBackupRestoration (2ms)
Shader 'Oculus/OVRMRCameraFrameLit': fallback shader 'Alpha-Diffuse' not found
Shader 'Meta/MRUK/Scene/HighlightsAndShadows': fallback shader 'Off' not found
[OVRPlugin][INFO] UnityPluginLoad called
Launching external process: /Applications/Unity/Hub/Editor/2022.3.15f1/Unity.app/Contents/Tools/UnityShaderCompiler
Launched and connected shader compiler UnityShaderCompiler after 0.10 seconds
Refreshing native plugins compatible for Editor in 3.80 ms, found 9 plugins.
Preloading 2 native plugins for Editor in 0.55 ms.
<color=cyan> GroKit-Core Activation </color> - Jessica Xiao you have 181 day(s) remaining on your subscription.
UnityEngine.StackTraceUtility:ExtractStackTrace () (at /Users/bokken/build/output/unity/unity/Runtime/Export/Scripting/StackTrace.cs:37)
UnityEngine.DebugLogHandler:LogFormat (UnityEngine.LogType,UnityEngine.Object,string,object[])
UnityEngine.Logger:Log (UnityEngine.LogType,object)
UnityEngine.Debug:Log (object)
Core3lb.CoreEditor.GroKitCoreWindow/<Authenticate>d__11:MoveNext ()
System.Runtime.CompilerServices.AsyncMethodBuilderCore/MoveNextRunner:InvokeMoveNext (object)
System.Threading.ExecutionContext:RunInternal (System.Threading.ExecutionContext,System.Threading.ContextCallback,object,bool)
System.Threading.ExecutionContext:Run (System.Threading.ExecutionContext,System.Threading.ContextCallback,object,bool)
System.Runtime.CompilerServices.AsyncMethodBuilderCore/MoveNextRunner:Run ()
System.Threading.Tasks.AwaitTaskContinuation:InvokeAction (object)
System.Threading.Tasks.AwaitTaskContinuation:RunCallback (System.Threading.ContextCallback,object,System.Threading.Tasks.Task&)
System.Threading.Tasks.SynchronizationContextAwaitTaskContinuation:Run (System.Threading.Tasks.Task,bool)
System.Threading.Tasks.Task:FinishContinuations ()
System.Threading.Tasks.Task:FinishStageThree ()
System.Threading.Tasks.Task`1<Core3lb.CoreEditor.GroKitAPICall/APIResponse>:TrySetResult (Core3lb.CoreEditor.GroKitAPICall/APIResponse)
System.Runtime.CompilerServices.AsyncTaskMethodBuilder`1<Core3lb.CoreEditor.GroKitAPICall/APIResponse>:SetResult (Core3lb.CoreEditor.GroKitAPICall/APIResponse)
Core3lb.CoreEditor.GroKitAPICall/<_CheckAPIKey>d__4:MoveNext ()
System.Runtime.CompilerServices.AsyncMethodBuilderCore/MoveNextRunner:InvokeMoveNext (object)
System.Threading.ExecutionContext:RunInternal (System.Threading.ExecutionContext,System.Threading.ContextCallback,object,bool)
System.Threading.ExecutionContext:Run (System.Threading.ExecutionContext,System.Threading.ContextCallback,object,bool)
System.Runtime.CompilerServices.AsyncMethodBuilderCore/MoveNextRunner:Run ()
System.Threading.Tasks.AwaitTaskContinuation:InvokeAction (object)
System.Threading.Tasks.AwaitTaskContinuation:RunCallback (System.Threading.ContextCallback,object,System.Threading.Tasks.Task&)
System.Threading.Tasks.SynchronizationContextAwaitTaskContinuation:Run (System.Threading.Tasks.Task,bool)
System.Threading.Tasks.Task:FinishContinuations ()
System.Threading.Tasks.Task:FinishStageThree ()
System.Threading.Tasks.Task`1<bool>:TrySetResult (bool)
System.Threading.Tasks.TaskCompletionSource`1<bool>:TrySetResult (bool)
System.Threading.Tasks.TaskCompletionSource`1<bool>:SetResult (bool)
Core3lb.CoreEditor.GroKitAPICall/<>c__DisplayClass4_0:<_CheckAPIKey>b__0 (UnityEngine.AsyncOperation)
UnityEngine.AsyncOperation:InvokeCompletionEvent () (at /Users/bokken/build/output/unity/unity/Runtime/Export/Scripting/AsyncOperation.cs:21)

(Filename: /Users/bokken/build/output/unity/unity/Runtime/Export/Scripting/AsyncOperation.cs Line: 21)

Unloading 6293 Unused Serialized files (Serialized files now loaded: 0)
Unloading 116 unused Assets / (0.5 MB). Loaded Objects now: 6727.
Memory consumption went from 286.1 MB to 285.6 MB.
Total: 8.584625 ms (FindLiveObjects: 0.248458 ms CreateObjectMapping: 0.112917 ms MarkObjects: 4.878666 ms  DeleteObjects: 3.343625 ms)

AssetImportParameters requested are different than current active one (requested -> active):
  custom:container-demuxer-ogg: 62fdf1f143b41e24485cea50d1cbac27 -> 
  custom:video-decoder-ogg-theora: a1e56fd34408186e4bbccfd4996cb3dc -> 
  custom:CustomObjectIndexerAttribute: 4d1d7186bcbbfe361de5f0ad951e585c -> 
  custom:container-demuxer-webm: 4f35f7cbe854078d1ac9338744f61a02 -> 
  custom:container-muxer-webm: aa71ff27fc2769a1b78a27578f13a17b -> 
  custom:video-decoder-webm-vp8: 9c59270c3fd7afecdb556c50c9e8de78 -> 
  custom:SearchIndexIgnoredProperties: e643bd26f0fe6173181afceb89e7c659 -> 
  custom:AudioImporter_EditorPlatform: 3918e3fc78b5a79bad01e8451be0beb8 -> 
  custom:framework-osx-AVFoundation: e770b220cccbd017edd2c1fefb359320 -> 
  custom:video-encoder-webm-vp8: eb34c28f22e8b96e1ab97ce403110664 -> 
  custom:audio-decoder-ogg-vorbis: bf7c407c2cedff20999df2af8eb42d56 -> 
  custom:audio-encoder-webm-vorbis: bf7c407c2cedff20999df2af8eb42d56 -> 
========================================================================
Received Import Request.
  Time since last request: 19091.697188 seconds.
  path: Assets/jessica.unity
  artifactKey: Guid(973b8af4ef75c47c99f36e864453b4d9) Importer(815301076,1909f56bfc062723c751e8b465ee728b)
Start importing Assets/jessica.unity using Guid(973b8af4ef75c47c99f36e864453b4d9) Importer(815301076,1909f56bfc062723c751e8b465ee728b)  -> (artifact id: 'c3dec43a38bc3e5f6027c3ac92ad5845') in 0.013468 seconds
Number of updated asset objects reloaded before import = 0
Number of asset objects unloaded after import = 0
========================================================================
Received Import Request.
  Time since last request: 32.995904 seconds.
  path: Assets/GroKit/Core/XR/InputXR/InputXREventExample.prefab
  artifactKey: Guid(f58c7dfd8313b824593e450d9d63c3a6) Importer(815301076,1909f56bfc062723c751e8b465ee728b)
Start importing Assets/GroKit/Core/XR/InputXR/InputXREventExample.prefab using Guid(f58c7dfd8313b824593e450d9d63c3a6) Importer(815301076,1909f56bfc062723c751e8b465ee728b)  -> (artifact id: 'f72f4799fff3c6994433c5107ce3f739') in 0.830213 seconds
Number of updated asset objects reloaded before import = 0
Number of asset objects unloaded after import = 14
========================================================================
Received Import Request.
  Time since last request: 58.214257 seconds.
  path: Assets/GroKit/GroBlocks/XRGrabObjects/GroKitGrabObject_KeyBlue Variant.prefab
  artifactKey: Guid(15d1822f2079fdd44bdf614a56a7ae6c) Importer(815301076,1909f56bfc062723c751e8b465ee728b)
Start importing Assets/GroKit/GroBlocks/XRGrabObjects/GroKitGrabObject_KeyBlue Variant.prefab using Guid(15d1822f2079fdd44bdf614a56a7ae6c) Importer(815301076,1909f56bfc062723c751e8b465ee728b)  -> (artifact id: 'c82ab1ef10f43ef7a4798a652cece96b') in 0.043010 seconds
Number of updated asset objects reloaded before import = 0
Number of asset objects unloaded after import = 32
========================================================================
Received Import Request.
  Time since last request: 0.000354 seconds.
  path: Assets/GroKit/GroBlocks/XRGrabObjects/GroKitGrabObject_KeyRed Variant.prefab
  artifactKey: Guid(4acfab4109d50ed4eb866e934385468a) Importer(815301076,1909f56bfc062723c751e8b465ee728b)
Start importing Assets/GroKit/GroBlocks/XRGrabObjects/GroKitGrabObject_KeyRed Variant.prefab using Guid(4acfab4109d50ed4eb866e934385468a) Importer(815301076,1909f56bfc062723c751e8b465ee728b)  -> (artifact id: 'aafc2f847aecf5f9f7a23805f5476d2f') in 0.002391 seconds
Number of updated asset objects reloaded before import = 0
Number of asset objects unloaded after import = 32
========================================================================
Received Import Request.
  Time since last request: 0.000066 seconds.
  path: Assets/GroKit/GroBlocks/XRGrabObjects/GroKitGrabObject_KeyGold Variant.prefab
  artifactKey: Guid(eac8e0071d023ea4fa609c7c604d69f3) Importer(815301076,1909f56bfc062723c751e8b465ee728b)
Start importing Assets/GroKit/GroBlocks/XRGrabObjects/GroKitGrabObject_KeyGold Variant.prefab using Guid(eac8e0071d023ea4fa609c7c604d69f3) Importer(815301076,1909f56bfc062723c751e8b465ee728b)  -> (artifact id: '2811d458965119a0c28046bf153602eb') in 0.001937 seconds
Number of updated asset objects reloaded before import = 0
Number of asset objects unloaded after import = 32
========================================================================
Received Import Request.
  Time since last request: 5.822233 seconds.
  path: Assets/GroKit/GroBlocks/OutwardActivators/Button_Toggle Variant.prefab
  artifactKey: Guid(01116dc65d132504c888395616b86815) Importer(815301076,1909f56bfc062723c751e8b465ee728b)
Start importing Assets/GroKit/GroBlocks/OutwardActivators/Button_Toggle Variant.prefab using Guid(01116dc65d132504c888395616b86815) Importer(815301076,1909f56bfc062723c751e8b465ee728b)  -> (artifact id: 'aaca9ca3df6779bdd03b4a3a4678019a') in 0.013090 seconds
Number of updated asset objects reloaded before import = 0
Number of asset objects unloaded after import = 98
========================================================================
Received Import Request.
  Time since last request: 0.000060 seconds.
  path: Assets/GroKit/GroBlocks/OutwardActivators/Button_ToggleSwitch_Rocker.prefab
  artifactKey: Guid(d18824ac09f1e3c49a8779906eb42214) Importer(815301076,1909f56bfc062723c751e8b465ee728b)
Start importing Assets/GroKit/GroBlocks/OutwardActivators/Button_ToggleSwitch_Rocker.prefab using Guid(d18824ac09f1e3c49a8779906eb42214) Importer(815301076,1909f56bfc062723c751e8b465ee728b)  -> (artifact id: 'df1eac76b4f816df9d242537d24c8e08') in 0.003434 seconds
Number of updated asset objects reloaded before import = 0
Number of asset objects unloaded after import = 78
========================================================================
Received Import Request.
  Time since last request: 8.248309 seconds.
  path: Assets/GroKit/GroBlocks/Connectors/SequencerConnector.prefab
  artifactKey: Guid(37b178f2f53401544921b4b0de49717b) Importer(815301076,1909f56bfc062723c751e8b465ee728b)
Start importing Assets/GroKit/GroBlocks/Connectors/SequencerConnector.prefab using Guid(37b178f2f53401544921b4b0de49717b) Importer(815301076,1909f56bfc062723c751e8b465ee728b)  -> (artifact id: '0da0473749832f84ce2522dbb830b599') in 0.002799 seconds
Number of updated asset objects reloaded before import = 0
Number of asset objects unloaded after import = 7
========================================================================
Received Import Request.
  Time since last request: 0.000121 seconds.
  path: Assets/GroKit/GroBlocks/Connectors/TimedConnector.prefab
  artifactKey: Guid(e0fdaec66cc2b8145b6b21ec055cc9e2) Importer(815301076,1909f56bfc062723c751e8b465ee728b)
Start importing Assets/GroKit/GroBlocks/Connectors/TimedConnector.prefab using Guid(e0fdaec66cc2b8145b6b21ec055cc9e2) Importer(815301076,1909f56bfc062723c751e8b465ee728b)  -> (artifact id: '26f8cf1e67a1babad19af627d82a2ea4') in 0.002083 seconds
Number of updated asset objects reloaded before import = 0
Number of asset objects unloaded after import = 8
========================================================================
Received Import Request.
  Time since last request: 8.355938 seconds.
  path: Assets/GroKit/Core/zInternal/Core Assets/HumanoidMech/DiceMan_V1.prefab
  artifactKey: Guid(f9584f927bc6087428a047210227734f) Importer(815301076,1909f56bfc062723c751e8b465ee728b)
Start importing Assets/GroKit/Core/zInternal/Core Assets/HumanoidMech/DiceMan_V1.prefab using Guid(f9584f927bc6087428a047210227734f) Importer(815301076,1909f56bfc062723c751e8b465ee728b)  -> (artifact id: 'd34b98d14084516d0d282ee8f3040d6c') in 0.004730 seconds
Number of updated asset objects reloaded before import = 0
Number of asset objects unloaded after import = 1
========================================================================
Received Import Request.
  Time since last request: 35.278371 seconds.
  path: Assets/GroKit/Core/zInternal/Core Assets/Dice/D6_Beveled.fbx
  artifactKey: Guid(1131a28c1082222498fd91185f7a632e) Importer(815301076,1909f56bfc062723c751e8b465ee728b)
Start importing Assets/GroKit/Core/zInternal/Core Assets/Dice/D6_Beveled.fbx using Guid(1131a28c1082222498fd91185f7a632e) Importer(815301076,1909f56bfc062723c751e8b465ee728b)  -> (artifact id: '53f0f43eb6253ffdfaf735f12b0e64a9') in 0.421136 seconds
Number of updated asset objects reloaded before import = 0
Number of asset objects unloaded after import = 10
========================================================================
Received Import Request.
  Time since last request: 0.000064 seconds.
  path: Assets/GroKit/Core/zInternal/Core Assets/Dice/D8_Beveled.fbx
  artifactKey: Guid(ad025148bf403b64e887fc7faf191d74) Importer(815301076,1909f56bfc062723c751e8b465ee728b)
Start importing Assets/GroKit/Core/zInternal/Core Assets/Dice/D8_Beveled.fbx using Guid(ad025148bf403b64e887fc7faf191d74) Importer(815301076,1909f56bfc062723c751e8b465ee728b)  -> (artifact id: '5f35cce39f0b80247140fcb27286bba1') in 0.012360 seconds
Number of updated asset objects reloaded before import = 0
Number of asset objects unloaded after import = 10
========================================================================
Received Import Request.
  Time since last request: 0.000164 seconds.
  path: Assets/GroKit/Core/zInternal/Core Assets/Dice/D12_Beveled.fbx
  artifactKey: Guid(530eb08b663a5ed48b8917bd85273aae) Importer(815301076,1909f56bfc062723c751e8b465ee728b)
Start importing Assets/GroKit/Core/zInternal/Core Assets/Dice/D12_Beveled.fbx using Guid(530eb08b663a5ed48b8917bd85273aae) Importer(815301076,1909f56bfc062723c751e8b465ee728b)  -> (artifact id: 'f77b9a917d282eb3fcbc2cdea2c9cf47') in 0.033656 seconds
Number of updated asset objects reloaded before import = 0
Number of asset objects unloaded after import = 10
========================================================================
Received Import Request.
  Time since last request: 5.323460 seconds.
  path: Assets/GroKit/Core/zInternal/Core Assets/PlayerAssets/ControllerGeneric_R.prefab
  artifactKey: Guid(8bf05743c907b044ca49c2fe8e57c327) Importer(815301076,1909f56bfc062723c751e8b465ee728b)
Start importing Assets/GroKit/Core/zInternal/Core Assets/PlayerAssets/ControllerGeneric_R.prefab using Guid(8bf05743c907b044ca49c2fe8e57c327) Importer(815301076,1909f56bfc062723c751e8b465ee728b)  -> (artifact id: '5e014cfebfa1c6bd2ac0ce7725b13075') in 0.003619 seconds
Number of updated asset objects reloaded before import = 0
Number of asset objects unloaded after import = 1
========================================================================
Received Import Request.
  Time since last request: 0.002117 seconds.
  path: Assets/GroKit/Core/zInternal/Core Assets/PlayerAssets/HeadVR.fbx
  artifactKey: Guid(41c6b2e96d9d9e74496ed2fb0e4bbd41) Importer(815301076,1909f56bfc062723c751e8b465ee728b)
Start importing Assets/GroKit/Core/zInternal/Core Assets/PlayerAssets/HeadVR.fbx using Guid(41c6b2e96d9d9e74496ed2fb0e4bbd41) Importer(815301076,1909f56bfc062723c751e8b465ee728b)  -> (artifact id: 'b2c8f1e0e98f942f3d20bcb315755458') in 0.746250 seconds
Number of updated asset objects reloaded before import = 0
Number of asset objects unloaded after import = 19
========================================================================
Received Import Request.
  Time since last request: 0.000293 seconds.
  path: Assets/GroKit/Core/zInternal/Core Assets/PlayerAssets/HeadVRMat.mat
  artifactKey: Guid(b59ad4973c2f9344b845c75d676b63eb) Importer(815301076,1909f56bfc062723c751e8b465ee728b)
Start importing Assets/GroKit/Core/zInternal/Core Assets/PlayerAssets/HeadVRMat.mat using Guid(b59ad4973c2f9344b845c75d676b63eb) Importer(815301076,1909f56bfc062723c751e8b465ee728b)  -> (artifact id: '5f6aea4794fdd9e74b9f65d5248309d3') in 0.017219 seconds
Number of updated asset objects reloaded before import = 0
Number of asset objects unloaded after import = 2
Editor requested this worker to shutdown with reason: Scaling down because of idle timeout
TcpMessagingSession - receive error: operation aborted. errorcode: 89, details: Operation aborted.
AssetImportWorker is now disconnected from the server
Process exiting
